<?xml version="1.0" encoding="utf-8" standalone="no"?>
<test-run id="2" testcasecount="30" result="Passed" total="30" passed="30" failed="0" inconclusive="0" skipped="0" asserts="30" engine-version="3.9.0.0" clr-version="4.0.30319.42000" start-time="2018-12-27 22:23:31Z" end-time="2018-12-27 22:24:16Z" duration="45.289773">
  <command-line><![CDATA[..\..\..\packages\NUnit.ConsoleRunner.3.9.0\tools\nunit3-console.exe  ProjMgrAPI.Tests.dll]]></command-line>
  <test-suite type="Assembly" id="0-1064" name="ProjMgrAPI.Tests.dll" fullname="ProjMgrAPI.Tests.dll" runstate="Runnable" testcasecount="30" result="Passed" start-time="2018-12-27 22:23:40Z" end-time="2018-12-27 22:24:16Z" duration="35.712387" total="30" passed="30" failed="0" warnings="0" inconclusive="0" skipped="0" asserts="30">
    <environment framework-version="3.11.0.0" clr-version="4.0.30319.42000" os-version="Microsoft Windows NT 10.0.17134.0" platform="Win32NT" cwd="C:\Users\Admin\Desktop\.NET projects\ProjMngrApp\ProjMgrSPA\ProjMgrAPI.Tests\bin\Debug" machine-name="DOTNET" user="Admin" user-domain="DOTNET" culture="en-IN" uiculture="en-US" os-architecture="x64" />
    <settings>
      <setting name="DisposeRunners" value="True" />
      <setting name="WorkDirectory" value="C:\Users\Admin\Desktop\.NET projects\ProjMngrApp\ProjMgrSPA\ProjMgrAPI.Tests\bin\Debug" />
      <setting name="ImageRuntimeVersion" value="4.0.30319" />
      <setting name="ImageTargetFrameworkName" value=".NETFramework,Version=v4.5.2" />
      <setting name="ImageRequiresX86" value="False" />
      <setting name="ImageRequiresDefaultAppDomainAssemblyResolver" value="False" />
      <setting name="NumberOfTestWorkers" value="3" />
    </settings>
    <properties>
      <property name="_PID" value="5196" />
      <property name="_APPDOMAIN" value="domain-" />
    </properties>
    <test-suite type="TestSuite" id="0-1065" name="ProjMgrAPI" fullname="ProjMgrAPI" runstate="Runnable" testcasecount="30" result="Passed" start-time="2018-12-27 22:23:40Z" end-time="2018-12-27 22:24:16Z" duration="35.656410" total="30" passed="30" failed="0" warnings="0" inconclusive="0" skipped="0" asserts="30">
      <test-suite type="TestSuite" id="0-1066" name="Tests" fullname="ProjMgrAPI.Tests" runstate="Runnable" testcasecount="30" result="Passed" start-time="2018-12-27 22:23:40Z" end-time="2018-12-27 22:24:16Z" duration="35.654365" total="30" passed="30" failed="0" warnings="0" inconclusive="0" skipped="0" asserts="30">
        <test-suite type="TestSuite" id="0-1067" name="Controllers" fullname="ProjMgrAPI.Tests.Controllers" runstate="Runnable" testcasecount="30" result="Passed" start-time="2018-12-27 22:23:40Z" end-time="2018-12-27 22:24:16Z" duration="35.654288" total="30" passed="30" failed="0" warnings="0" inconclusive="0" skipped="0" asserts="30">
          <test-suite type="TestFixture" id="0-1038" name="ConfigTest" fullname="ProjMgrAPI.Tests.Controllers.ConfigTest" classname="ProjMgrAPI.Tests.Controllers.ConfigTest" runstate="Runnable" testcasecount="4" result="Passed" start-time="2018-12-27 22:23:40Z" end-time="2018-12-27 22:23:42Z" duration="2.055947" total="4" passed="4" failed="0" warnings="0" inconclusive="0" skipped="0" asserts="4">
            <test-suite type="ParameterizedMethod" id="0-1040" name="BundleConfigTest" fullname="ProjMgrAPI.Tests.Controllers.ConfigTest.BundleConfigTest" classname="ProjMgrAPI.Tests.Controllers.ConfigTest" runstate="Runnable" testcasecount="1" result="Passed" start-time="2018-12-27 22:23:40Z" end-time="2018-12-27 22:23:41Z" duration="0.345819" total="1" passed="1" failed="0" warnings="0" inconclusive="0" skipped="0" asserts="1">
              <test-case id="0-1039" name="BundleConfigTest()" fullname="ProjMgrAPI.Tests.Controllers.ConfigTest.BundleConfigTest()" methodname="BundleConfigTest" classname="ProjMgrAPI.Tests.Controllers.ConfigTest" runstate="Runnable" seed="1064587210" result="Passed" start-time="2018-12-27 22:23:40Z" end-time="2018-12-27 22:23:41Z" duration="0.313346" asserts="1" />
            </test-suite>
            <test-suite type="ParameterizedMethod" id="0-1042" name="FilterConfigTest" fullname="ProjMgrAPI.Tests.Controllers.ConfigTest.FilterConfigTest" classname="ProjMgrAPI.Tests.Controllers.ConfigTest" runstate="Runnable" testcasecount="1" result="Passed" start-time="2018-12-27 22:23:41Z" end-time="2018-12-27 22:23:41Z" duration="0.221103" total="1" passed="1" failed="0" warnings="0" inconclusive="0" skipped="0" asserts="1">
              <test-case id="0-1041" name="FilterConfigTest()" fullname="ProjMgrAPI.Tests.Controllers.ConfigTest.FilterConfigTest()" methodname="FilterConfigTest" classname="ProjMgrAPI.Tests.Controllers.ConfigTest" runstate="Runnable" seed="1024040035" result="Passed" start-time="2018-12-27 22:23:41Z" end-time="2018-12-27 22:23:41Z" duration="0.220763" asserts="1" />
            </test-suite>
            <test-suite type="ParameterizedMethod" id="0-1044" name="RouteConfigTest" fullname="ProjMgrAPI.Tests.Controllers.ConfigTest.RouteConfigTest" classname="ProjMgrAPI.Tests.Controllers.ConfigTest" runstate="Runnable" testcasecount="1" result="Passed" start-time="2018-12-27 22:23:41Z" end-time="2018-12-27 22:23:41Z" duration="0.595252" total="1" passed="1" failed="0" warnings="0" inconclusive="0" skipped="0" asserts="1">
              <test-case id="0-1043" name="RouteConfigTest()" fullname="ProjMgrAPI.Tests.Controllers.ConfigTest.RouteConfigTest()" methodname="RouteConfigTest" classname="ProjMgrAPI.Tests.Controllers.ConfigTest" runstate="Runnable" seed="1476865959" result="Passed" start-time="2018-12-27 22:23:41Z" end-time="2018-12-27 22:23:41Z" duration="0.595008" asserts="1" />
            </test-suite>
            <test-suite type="ParameterizedMethod" id="0-1046" name="WebApiConfigTest" fullname="ProjMgrAPI.Tests.Controllers.ConfigTest.WebApiConfigTest" classname="ProjMgrAPI.Tests.Controllers.ConfigTest" runstate="Runnable" testcasecount="1" result="Passed" start-time="2018-12-27 22:23:41Z" end-time="2018-12-27 22:23:42Z" duration="0.846831" total="1" passed="1" failed="0" warnings="0" inconclusive="0" skipped="0" asserts="1">
              <test-case id="0-1045" name="WebApiConfigTest()" fullname="ProjMgrAPI.Tests.Controllers.ConfigTest.WebApiConfigTest()" methodname="WebApiConfigTest" classname="ProjMgrAPI.Tests.Controllers.ConfigTest" runstate="Runnable" seed="1897344849" result="Passed" start-time="2018-12-27 22:23:41Z" end-time="2018-12-27 22:23:42Z" duration="0.846593" asserts="1" />
            </test-suite>
          </test-suite>
          <test-suite type="TestFixture" id="0-1000" name="ProjectControllerTest" fullname="ProjMgrAPI.Tests.Controllers.ProjectControllerTest" classname="ProjMgrAPI.Tests.Controllers.ProjectControllerTest" runstate="Runnable" testcasecount="8" result="Passed" start-time="2018-12-27 22:23:42Z" end-time="2018-12-27 22:23:57Z" duration="15.254324" total="8" passed="8" failed="0" warnings="0" inconclusive="0" skipped="0" asserts="8">
            <test-suite type="ParameterizedMethod" id="0-1002" name="AddProjectTestMethod" fullname="ProjMgrAPI.Tests.Controllers.ProjectControllerTest.AddProjectTestMethod" classname="ProjMgrAPI.Tests.Controllers.ProjectControllerTest" runstate="Runnable" testcasecount="1" result="Passed" start-time="2018-12-27 22:23:42Z" end-time="2018-12-27 22:23:52Z" duration="10.119159" total="1" passed="1" failed="0" warnings="0" inconclusive="0" skipped="0" asserts="1">
              <properties>
                <property name="Order" value="1" />
              </properties>
              <test-case id="0-1001" name="AddProjectTestMethod()" fullname="ProjMgrAPI.Tests.Controllers.ProjectControllerTest.AddProjectTestMethod()" methodname="AddProjectTestMethod" classname="ProjMgrAPI.Tests.Controllers.ProjectControllerTest" runstate="Runnable" seed="91776342" result="Passed" start-time="2018-12-27 22:23:42Z" end-time="2018-12-27 22:23:52Z" duration="10.118800" asserts="1" />
            </test-suite>
            <test-suite type="ParameterizedMethod" id="0-1004" name="AddProjectTestMethod1" fullname="ProjMgrAPI.Tests.Controllers.ProjectControllerTest.AddProjectTestMethod1" classname="ProjMgrAPI.Tests.Controllers.ProjectControllerTest" runstate="Runnable" testcasecount="1" result="Passed" start-time="2018-12-27 22:23:52Z" end-time="2018-12-27 22:23:52Z" duration="0.088131" total="1" passed="1" failed="0" warnings="0" inconclusive="0" skipped="0" asserts="1">
              <properties>
                <property name="Order" value="2" />
              </properties>
              <test-case id="0-1003" name="AddProjectTestMethod1()" fullname="ProjMgrAPI.Tests.Controllers.ProjectControllerTest.AddProjectTestMethod1()" methodname="AddProjectTestMethod1" classname="ProjMgrAPI.Tests.Controllers.ProjectControllerTest" runstate="Runnable" seed="1517531717" result="Passed" start-time="2018-12-27 22:23:52Z" end-time="2018-12-27 22:23:52Z" duration="0.087881" asserts="1" />
            </test-suite>
            <test-suite type="ParameterizedMethod" id="0-1006" name="AddProjectTestMethod2" fullname="ProjMgrAPI.Tests.Controllers.ProjectControllerTest.AddProjectTestMethod2" classname="ProjMgrAPI.Tests.Controllers.ProjectControllerTest" runstate="Runnable" testcasecount="1" result="Passed" start-time="2018-12-27 22:23:52Z" end-time="2018-12-27 22:23:56Z" duration="3.942507" total="1" passed="1" failed="0" warnings="0" inconclusive="0" skipped="0" asserts="1">
              <properties>
                <property name="Order" value="3" />
              </properties>
              <test-case id="0-1005" name="AddProjectTestMethod2()" fullname="ProjMgrAPI.Tests.Controllers.ProjectControllerTest.AddProjectTestMethod2()" methodname="AddProjectTestMethod2" classname="ProjMgrAPI.Tests.Controllers.ProjectControllerTest" runstate="Runnable" seed="862847026" result="Passed" start-time="2018-12-27 22:23:52Z" end-time="2018-12-27 22:23:56Z" duration="3.942249" asserts="1" />
            </test-suite>
            <test-suite type="ParameterizedMethod" id="0-1008" name="EditProjectTestMethod" fullname="ProjMgrAPI.Tests.Controllers.ProjectControllerTest.EditProjectTestMethod" classname="ProjMgrAPI.Tests.Controllers.ProjectControllerTest" runstate="Runnable" testcasecount="1" result="Passed" start-time="2018-12-27 22:23:56Z" end-time="2018-12-27 22:23:56Z" duration="0.080329" total="1" passed="1" failed="0" warnings="0" inconclusive="0" skipped="0" asserts="1">
              <properties>
                <property name="Order" value="4" />
              </properties>
              <test-case id="0-1007" name="EditProjectTestMethod()" fullname="ProjMgrAPI.Tests.Controllers.ProjectControllerTest.EditProjectTestMethod()" methodname="EditProjectTestMethod" classname="ProjMgrAPI.Tests.Controllers.ProjectControllerTest" runstate="Runnable" seed="1400531698" result="Passed" start-time="2018-12-27 22:23:56Z" end-time="2018-12-27 22:23:56Z" duration="0.080102" asserts="1" />
            </test-suite>
            <test-suite type="ParameterizedMethod" id="0-1010" name="GetProjectTestMethod" fullname="ProjMgrAPI.Tests.Controllers.ProjectControllerTest.GetProjectTestMethod" classname="ProjMgrAPI.Tests.Controllers.ProjectControllerTest" runstate="Runnable" testcasecount="1" result="Passed" start-time="2018-12-27 22:23:56Z" end-time="2018-12-27 22:23:57Z" duration="0.032388" total="1" passed="1" failed="0" warnings="0" inconclusive="0" skipped="0" asserts="1">
              <properties>
                <property name="Order" value="5" />
              </properties>
              <test-case id="0-1009" name="GetProjectTestMethod()" fullname="ProjMgrAPI.Tests.Controllers.ProjectControllerTest.GetProjectTestMethod()" methodname="GetProjectTestMethod" classname="ProjMgrAPI.Tests.Controllers.ProjectControllerTest" runstate="Runnable" seed="205354461" result="Passed" start-time="2018-12-27 22:23:56Z" end-time="2018-12-27 22:23:57Z" duration="0.032167" asserts="1" />
            </test-suite>
            <test-suite type="ParameterizedMethod" id="0-1012" name="GetProjectsTestMethod" fullname="ProjMgrAPI.Tests.Controllers.ProjectControllerTest.GetProjectsTestMethod" classname="ProjMgrAPI.Tests.Controllers.ProjectControllerTest" runstate="Runnable" testcasecount="1" result="Passed" start-time="2018-12-27 22:23:57Z" end-time="2018-12-27 22:23:57Z" duration="0.391171" total="1" passed="1" failed="0" warnings="0" inconclusive="0" skipped="0" asserts="1">
              <properties>
                <property name="Order" value="6" />
              </properties>
              <test-case id="0-1011" name="GetProjectsTestMethod()" fullname="ProjMgrAPI.Tests.Controllers.ProjectControllerTest.GetProjectsTestMethod()" methodname="GetProjectsTestMethod" classname="ProjMgrAPI.Tests.Controllers.ProjectControllerTest" runstate="Runnable" seed="1477163584" result="Passed" start-time="2018-12-27 22:23:57Z" end-time="2018-12-27 22:23:57Z" duration="0.390958" asserts="1" />
            </test-suite>
            <test-suite type="ParameterizedMethod" id="0-1014" name="GetProjects2TestMethod" fullname="ProjMgrAPI.Tests.Controllers.ProjectControllerTest.GetProjects2TestMethod" classname="ProjMgrAPI.Tests.Controllers.ProjectControllerTest" runstate="Runnable" testcasecount="1" result="Passed" start-time="2018-12-27 22:23:57Z" end-time="2018-12-27 22:23:57Z" duration="0.513049" total="1" passed="1" failed="0" warnings="0" inconclusive="0" skipped="0" asserts="1">
              <properties>
                <property name="Order" value="7" />
              </properties>
              <test-case id="0-1013" name="GetProjects2TestMethod()" fullname="ProjMgrAPI.Tests.Controllers.ProjectControllerTest.GetProjects2TestMethod()" methodname="GetProjects2TestMethod" classname="ProjMgrAPI.Tests.Controllers.ProjectControllerTest" runstate="Runnable" seed="922471957" result="Passed" start-time="2018-12-27 22:23:57Z" end-time="2018-12-27 22:23:57Z" duration="0.512822" asserts="1" />
            </test-suite>
            <test-suite type="ParameterizedMethod" id="0-1016" name="DeleteProjectTestMethod" fullname="ProjMgrAPI.Tests.Controllers.ProjectControllerTest.DeleteProjectTestMethod" classname="ProjMgrAPI.Tests.Controllers.ProjectControllerTest" runstate="Runnable" testcasecount="1" result="Passed" start-time="2018-12-27 22:23:57Z" end-time="2018-12-27 22:23:57Z" duration="0.083659" total="1" passed="1" failed="0" warnings="0" inconclusive="0" skipped="0" asserts="1">
              <properties>
                <property name="Order" value="8" />
              </properties>
              <test-case id="0-1015" name="DeleteProjectTestMethod()" fullname="ProjMgrAPI.Tests.Controllers.ProjectControllerTest.DeleteProjectTestMethod()" methodname="DeleteProjectTestMethod" classname="ProjMgrAPI.Tests.Controllers.ProjectControllerTest" runstate="Runnable" seed="943709774" result="Passed" start-time="2018-12-27 22:23:57Z" end-time="2018-12-27 22:23:57Z" duration="0.083438" asserts="1" />
            </test-suite>
          </test-suite>
          <test-suite type="TestFixture" id="0-1017" name="TaskControllerTest" fullname="ProjMgrAPI.Tests.Controllers.TaskControllerTest" classname="ProjMgrAPI.Tests.Controllers.TaskControllerTest" runstate="Runnable" testcasecount="10" result="Passed" start-time="2018-12-27 22:23:57Z" end-time="2018-12-27 22:24:15Z" duration="17.374780" total="10" passed="10" failed="0" warnings="0" inconclusive="0" skipped="0" asserts="10">
            <test-suite type="ParameterizedMethod" id="0-1019" name="AddParentTaskTestMethod" fullname="ProjMgrAPI.Tests.Controllers.TaskControllerTest.AddParentTaskTestMethod" classname="ProjMgrAPI.Tests.Controllers.TaskControllerTest" runstate="Runnable" testcasecount="1" result="Passed" start-time="2018-12-27 22:23:57Z" end-time="2018-12-27 22:23:58Z" duration="0.024541" total="1" passed="1" failed="0" warnings="0" inconclusive="0" skipped="0" asserts="1">
              <properties>
                <property name="Order" value="1" />
              </properties>
              <test-case id="0-1018" name="AddParentTaskTestMethod()" fullname="ProjMgrAPI.Tests.Controllers.TaskControllerTest.AddParentTaskTestMethod()" methodname="AddParentTaskTestMethod" classname="ProjMgrAPI.Tests.Controllers.TaskControllerTest" runstate="Runnable" seed="840848252" result="Passed" start-time="2018-12-27 22:23:57Z" end-time="2018-12-27 22:23:58Z" duration="0.024363" asserts="1" />
            </test-suite>
            <test-suite type="ParameterizedMethod" id="0-1021" name="AddTaskTestMethod2" fullname="ProjMgrAPI.Tests.Controllers.TaskControllerTest.AddTaskTestMethod2" classname="ProjMgrAPI.Tests.Controllers.TaskControllerTest" runstate="Runnable" testcasecount="1" result="Passed" start-time="2018-12-27 22:23:58Z" end-time="2018-12-27 22:24:06Z" duration="8.109915" total="1" passed="1" failed="0" warnings="0" inconclusive="0" skipped="0" asserts="1">
              <properties>
                <property name="Order" value="2" />
              </properties>
              <test-case id="0-1020" name="AddTaskTestMethod2()" fullname="ProjMgrAPI.Tests.Controllers.TaskControllerTest.AddTaskTestMethod2()" methodname="AddTaskTestMethod2" classname="ProjMgrAPI.Tests.Controllers.TaskControllerTest" runstate="Runnable" seed="1246617630" result="Passed" start-time="2018-12-27 22:23:58Z" end-time="2018-12-27 22:24:06Z" duration="8.109703" asserts="1" />
            </test-suite>
            <test-suite type="ParameterizedMethod" id="0-1023" name="AddTaskTestMethod1" fullname="ProjMgrAPI.Tests.Controllers.TaskControllerTest.AddTaskTestMethod1" classname="ProjMgrAPI.Tests.Controllers.TaskControllerTest" runstate="Runnable" testcasecount="1" result="Passed" start-time="2018-12-27 22:24:06Z" end-time="2018-12-27 22:24:06Z" duration="0.019318" total="1" passed="1" failed="0" warnings="0" inconclusive="0" skipped="0" asserts="1">
              <properties>
                <property name="Order" value="3" />
              </properties>
              <test-case id="0-1022" name="AddTaskTestMethod1()" fullname="ProjMgrAPI.Tests.Controllers.TaskControllerTest.AddTaskTestMethod1()" methodname="AddTaskTestMethod1" classname="ProjMgrAPI.Tests.Controllers.TaskControllerTest" runstate="Runnable" seed="1867689060" result="Passed" start-time="2018-12-27 22:24:06Z" end-time="2018-12-27 22:24:06Z" duration="0.018931" asserts="1" />
            </test-suite>
            <test-suite type="ParameterizedMethod" id="0-1025" name="AddTaskTestMethod" fullname="ProjMgrAPI.Tests.Controllers.TaskControllerTest.AddTaskTestMethod" classname="ProjMgrAPI.Tests.Controllers.TaskControllerTest" runstate="Runnable" testcasecount="1" result="Passed" start-time="2018-12-27 22:24:06Z" end-time="2018-12-27 22:24:14Z" duration="8.153285" total="1" passed="1" failed="0" warnings="0" inconclusive="0" skipped="0" asserts="1">
              <properties>
                <property name="Order" value="4" />
              </properties>
              <test-case id="0-1024" name="AddTaskTestMethod()" fullname="ProjMgrAPI.Tests.Controllers.TaskControllerTest.AddTaskTestMethod()" methodname="AddTaskTestMethod" classname="ProjMgrAPI.Tests.Controllers.TaskControllerTest" runstate="Runnable" seed="1657374864" result="Passed" start-time="2018-12-27 22:24:06Z" end-time="2018-12-27 22:24:14Z" duration="8.152949" asserts="1" />
            </test-suite>
            <test-suite type="ParameterizedMethod" id="0-1027" name="EditTaskTestMethod" fullname="ProjMgrAPI.Tests.Controllers.TaskControllerTest.EditTaskTestMethod" classname="ProjMgrAPI.Tests.Controllers.TaskControllerTest" runstate="Runnable" testcasecount="1" result="Passed" start-time="2018-12-27 22:24:14Z" end-time="2018-12-27 22:24:14Z" duration="0.461609" total="1" passed="1" failed="0" warnings="0" inconclusive="0" skipped="0" asserts="1">
              <properties>
                <property name="Order" value="5" />
              </properties>
              <test-case id="0-1026" name="EditTaskTestMethod()" fullname="ProjMgrAPI.Tests.Controllers.TaskControllerTest.EditTaskTestMethod()" methodname="EditTaskTestMethod" classname="ProjMgrAPI.Tests.Controllers.TaskControllerTest" runstate="Runnable" seed="1973265318" result="Passed" start-time="2018-12-27 22:24:14Z" end-time="2018-12-27 22:24:14Z" duration="0.461254" asserts="1" />
            </test-suite>
            <test-suite type="ParameterizedMethod" id="0-1029" name="GetTaskTestMethod" fullname="ProjMgrAPI.Tests.Controllers.TaskControllerTest.GetTaskTestMethod" classname="ProjMgrAPI.Tests.Controllers.TaskControllerTest" runstate="Runnable" testcasecount="1" result="Passed" start-time="2018-12-27 22:24:14Z" end-time="2018-12-27 22:24:14Z" duration="0.009687" total="1" passed="1" failed="0" warnings="0" inconclusive="0" skipped="0" asserts="1">
              <properties>
                <property name="Order" value="6" />
              </properties>
              <test-case id="0-1028" name="GetTaskTestMethod()" fullname="ProjMgrAPI.Tests.Controllers.TaskControllerTest.GetTaskTestMethod()" methodname="GetTaskTestMethod" classname="ProjMgrAPI.Tests.Controllers.TaskControllerTest" runstate="Runnable" seed="728648171" result="Passed" start-time="2018-12-27 22:24:14Z" end-time="2018-12-27 22:24:14Z" duration="0.009471" asserts="1" />
            </test-suite>
            <test-suite type="ParameterizedMethod" id="0-1035" name="GetParentTasksTestMethod" fullname="ProjMgrAPI.Tests.Controllers.TaskControllerTest.GetParentTasksTestMethod" classname="ProjMgrAPI.Tests.Controllers.TaskControllerTest" runstate="Runnable" testcasecount="1" result="Passed" start-time="2018-12-27 22:24:14Z" end-time="2018-12-27 22:24:14Z" duration="0.014186" total="1" passed="1" failed="0" warnings="0" inconclusive="0" skipped="0" asserts="1">
              <properties>
                <property name="Order" value="7" />
              </properties>
              <test-case id="0-1034" name="GetParentTasksTestMethod()" fullname="ProjMgrAPI.Tests.Controllers.TaskControllerTest.GetParentTasksTestMethod()" methodname="GetParentTasksTestMethod" classname="ProjMgrAPI.Tests.Controllers.TaskControllerTest" runstate="Runnable" seed="863632142" result="Passed" start-time="2018-12-27 22:24:14Z" end-time="2018-12-27 22:24:14Z" duration="0.013975" asserts="1" />
            </test-suite>
            <test-suite type="ParameterizedMethod" id="0-1037" name="DeleteTaskTestMethod" fullname="ProjMgrAPI.Tests.Controllers.TaskControllerTest.DeleteTaskTestMethod" classname="ProjMgrAPI.Tests.Controllers.TaskControllerTest" runstate="Runnable" testcasecount="1" result="Passed" start-time="2018-12-27 22:24:14Z" end-time="2018-12-27 22:24:14Z" duration="0.038437" total="1" passed="1" failed="0" warnings="0" inconclusive="0" skipped="0" asserts="1">
              <properties>
                <property name="Order" value="8" />
              </properties>
              <test-case id="0-1036" name="DeleteTaskTestMethod()" fullname="ProjMgrAPI.Tests.Controllers.TaskControllerTest.DeleteTaskTestMethod()" methodname="DeleteTaskTestMethod" classname="ProjMgrAPI.Tests.Controllers.TaskControllerTest" runstate="Runnable" seed="1528048042" result="Passed" start-time="2018-12-27 22:24:14Z" end-time="2018-12-27 22:24:14Z" duration="0.038223" asserts="1" />
            </test-suite>
            <test-suite type="ParameterizedMethod" id="0-1033" name="GetTasksTestMethod2" fullname="ProjMgrAPI.Tests.Controllers.TaskControllerTest.GetTasksTestMethod2" classname="ProjMgrAPI.Tests.Controllers.TaskControllerTest" runstate="Runnable" testcasecount="1" result="Passed" start-time="2018-12-27 22:24:14Z" end-time="2018-12-27 22:24:14Z" duration="0.088450" total="1" passed="1" failed="0" warnings="0" inconclusive="0" skipped="0" asserts="1">
              <properties>
                <property name="Order" value="9" />
              </properties>
              <test-case id="0-1032" name="GetTasksTestMethod2()" fullname="ProjMgrAPI.Tests.Controllers.TaskControllerTest.GetTasksTestMethod2()" methodname="GetTasksTestMethod2" classname="ProjMgrAPI.Tests.Controllers.TaskControllerTest" runstate="Runnable" seed="158265812" result="Passed" start-time="2018-12-27 22:24:14Z" end-time="2018-12-27 22:24:14Z" duration="0.088178" asserts="1" />
            </test-suite>
            <test-suite type="ParameterizedMethod" id="0-1031" name="GetTasksTestMethod" fullname="ProjMgrAPI.Tests.Controllers.TaskControllerTest.GetTasksTestMethod" classname="ProjMgrAPI.Tests.Controllers.TaskControllerTest" runstate="Runnable" testcasecount="1" result="Passed" start-time="2018-12-27 22:24:14Z" end-time="2018-12-27 22:24:15Z" duration="0.453293" total="1" passed="1" failed="0" warnings="0" inconclusive="0" skipped="0" asserts="1">
              <properties>
                <property name="Order" value="10" />
              </properties>
              <test-case id="0-1030" name="GetTasksTestMethod()" fullname="ProjMgrAPI.Tests.Controllers.TaskControllerTest.GetTasksTestMethod()" methodname="GetTasksTestMethod" classname="ProjMgrAPI.Tests.Controllers.TaskControllerTest" runstate="Runnable" seed="221727258" result="Passed" start-time="2018-12-27 22:24:14Z" end-time="2018-12-27 22:24:15Z" duration="0.452512" asserts="1" />
            </test-suite>
          </test-suite>
          <test-suite type="TestFixture" id="0-1047" name="UserControllerTest" fullname="ProjMgrAPI.Tests.Controllers.UserControllerTest" classname="ProjMgrAPI.Tests.Controllers.UserControllerTest" runstate="Runnable" testcasecount="8" result="Passed" start-time="2018-12-27 22:24:15Z" end-time="2018-12-27 22:24:16Z" duration="0.952219" total="8" passed="8" failed="0" warnings="0" inconclusive="0" skipped="0" asserts="8">
            <test-suite type="ParameterizedMethod" id="0-1049" name="AddUserTestMethod" fullname="ProjMgrAPI.Tests.Controllers.UserControllerTest.AddUserTestMethod" classname="ProjMgrAPI.Tests.Controllers.UserControllerTest" runstate="Runnable" testcasecount="1" result="Passed" start-time="2018-12-27 22:24:15Z" end-time="2018-12-27 22:24:15Z" duration="0.036250" total="1" passed="1" failed="0" warnings="0" inconclusive="0" skipped="0" asserts="1">
              <properties>
                <property name="Order" value="1" />
              </properties>
              <test-case id="0-1048" name="AddUserTestMethod()" fullname="ProjMgrAPI.Tests.Controllers.UserControllerTest.AddUserTestMethod()" methodname="AddUserTestMethod" classname="ProjMgrAPI.Tests.Controllers.UserControllerTest" runstate="Runnable" seed="1988862153" result="Passed" start-time="2018-12-27 22:24:15Z" end-time="2018-12-27 22:24:15Z" duration="0.036026" asserts="1" />
            </test-suite>
            <test-suite type="ParameterizedMethod" id="0-1051" name="AddUser2TestMethod" fullname="ProjMgrAPI.Tests.Controllers.UserControllerTest.AddUser2TestMethod" classname="ProjMgrAPI.Tests.Controllers.UserControllerTest" runstate="Runnable" testcasecount="1" result="Passed" start-time="2018-12-27 22:24:15Z" end-time="2018-12-27 22:24:15Z" duration="0.016270" total="1" passed="1" failed="0" warnings="0" inconclusive="0" skipped="0" asserts="1">
              <properties>
                <property name="Order" value="2" />
              </properties>
              <test-case id="0-1050" name="AddUser2TestMethod()" fullname="ProjMgrAPI.Tests.Controllers.UserControllerTest.AddUser2TestMethod()" methodname="AddUser2TestMethod" classname="ProjMgrAPI.Tests.Controllers.UserControllerTest" runstate="Runnable" seed="2089478322" result="Passed" start-time="2018-12-27 22:24:15Z" end-time="2018-12-27 22:24:15Z" duration="0.016061" asserts="1" />
            </test-suite>
            <test-suite type="ParameterizedMethod" id="0-1053" name="EditUserTestMethod" fullname="ProjMgrAPI.Tests.Controllers.UserControllerTest.EditUserTestMethod" classname="ProjMgrAPI.Tests.Controllers.UserControllerTest" runstate="Runnable" testcasecount="1" result="Passed" start-time="2018-12-27 22:24:15Z" end-time="2018-12-27 22:24:15Z" duration="0.034375" total="1" passed="1" failed="0" warnings="0" inconclusive="0" skipped="0" asserts="1">
              <properties>
                <property name="Order" value="3" />
              </properties>
              <test-case id="0-1052" name="EditUserTestMethod()" fullname="ProjMgrAPI.Tests.Controllers.UserControllerTest.EditUserTestMethod()" methodname="EditUserTestMethod" classname="ProjMgrAPI.Tests.Controllers.UserControllerTest" runstate="Runnable" seed="1882249305" result="Passed" start-time="2018-12-27 22:24:15Z" end-time="2018-12-27 22:24:15Z" duration="0.034144" asserts="1" />
            </test-suite>
            <test-suite type="ParameterizedMethod" id="0-1055" name="EditUserTestMethod2" fullname="ProjMgrAPI.Tests.Controllers.UserControllerTest.EditUserTestMethod2" classname="ProjMgrAPI.Tests.Controllers.UserControllerTest" runstate="Runnable" testcasecount="1" result="Passed" start-time="2018-12-27 22:24:15Z" end-time="2018-12-27 22:24:16Z" duration="0.534486" total="1" passed="1" failed="0" warnings="0" inconclusive="0" skipped="0" asserts="1">
              <properties>
                <property name="Order" value="4" />
              </properties>
              <test-case id="0-1054" name="EditUserTestMethod2()" fullname="ProjMgrAPI.Tests.Controllers.UserControllerTest.EditUserTestMethod2()" methodname="EditUserTestMethod2" classname="ProjMgrAPI.Tests.Controllers.UserControllerTest" runstate="Runnable" seed="2083637978" result="Passed" start-time="2018-12-27 22:24:15Z" end-time="2018-12-27 22:24:16Z" duration="0.534239" asserts="1" />
            </test-suite>
            <test-suite type="ParameterizedMethod" id="0-1057" name="GetUserTestMethod" fullname="ProjMgrAPI.Tests.Controllers.UserControllerTest.GetUserTestMethod" classname="ProjMgrAPI.Tests.Controllers.UserControllerTest" runstate="Runnable" testcasecount="1" result="Passed" start-time="2018-12-27 22:24:16Z" end-time="2018-12-27 22:24:16Z" duration="0.196951" total="1" passed="1" failed="0" warnings="0" inconclusive="0" skipped="0" asserts="1">
              <properties>
                <property name="Order" value="5" />
              </properties>
              <test-case id="0-1056" name="GetUserTestMethod()" fullname="ProjMgrAPI.Tests.Controllers.UserControllerTest.GetUserTestMethod()" methodname="GetUserTestMethod" classname="ProjMgrAPI.Tests.Controllers.UserControllerTest" runstate="Runnable" seed="1147487551" result="Passed" start-time="2018-12-27 22:24:16Z" end-time="2018-12-27 22:24:16Z" duration="0.196537" asserts="1" />
            </test-suite>
            <test-suite type="ParameterizedMethod" id="0-1059" name="GetUsersTestMethod" fullname="ProjMgrAPI.Tests.Controllers.UserControllerTest.GetUsersTestMethod" classname="ProjMgrAPI.Tests.Controllers.UserControllerTest" runstate="Runnable" testcasecount="1" result="Passed" start-time="2018-12-27 22:24:16Z" end-time="2018-12-27 22:24:16Z" duration="0.041273" total="1" passed="1" failed="0" warnings="0" inconclusive="0" skipped="0" asserts="1">
              <properties>
                <property name="Order" value="6" />
              </properties>
              <test-case id="0-1058" name="GetUsersTestMethod()" fullname="ProjMgrAPI.Tests.Controllers.UserControllerTest.GetUsersTestMethod()" methodname="GetUsersTestMethod" classname="ProjMgrAPI.Tests.Controllers.UserControllerTest" runstate="Runnable" seed="1929789756" result="Passed" start-time="2018-12-27 22:24:16Z" end-time="2018-12-27 22:24:16Z" duration="0.040793" asserts="1" />
            </test-suite>
            <test-suite type="ParameterizedMethod" id="0-1061" name="GetUsers2TestMethod" fullname="ProjMgrAPI.Tests.Controllers.UserControllerTest.GetUsers2TestMethod" classname="ProjMgrAPI.Tests.Controllers.UserControllerTest" runstate="Runnable" testcasecount="1" result="Passed" start-time="2018-12-27 22:24:16Z" end-time="2018-12-27 22:24:16Z" duration="0.061594" total="1" passed="1" failed="0" warnings="0" inconclusive="0" skipped="0" asserts="1">
              <properties>
                <property name="Order" value="7" />
              </properties>
              <test-case id="0-1060" name="GetUsers2TestMethod()" fullname="ProjMgrAPI.Tests.Controllers.UserControllerTest.GetUsers2TestMethod()" methodname="GetUsers2TestMethod" classname="ProjMgrAPI.Tests.Controllers.UserControllerTest" runstate="Runnable" seed="2025584188" result="Passed" start-time="2018-12-27 22:24:16Z" end-time="2018-12-27 22:24:16Z" duration="0.061279" asserts="1" />
            </test-suite>
            <test-suite type="ParameterizedMethod" id="0-1063" name="DeleteUserTestMethod" fullname="ProjMgrAPI.Tests.Controllers.UserControllerTest.DeleteUserTestMethod" classname="ProjMgrAPI.Tests.Controllers.UserControllerTest" runstate="Runnable" testcasecount="1" result="Passed" start-time="2018-12-27 22:24:16Z" end-time="2018-12-27 22:24:16Z" duration="0.028891" total="1" passed="1" failed="0" warnings="0" inconclusive="0" skipped="0" asserts="1">
              <properties>
                <property name="Order" value="8" />
              </properties>
              <test-case id="0-1062" name="DeleteUserTestMethod()" fullname="ProjMgrAPI.Tests.Controllers.UserControllerTest.DeleteUserTestMethod()" methodname="DeleteUserTestMethod" classname="ProjMgrAPI.Tests.Controllers.UserControllerTest" runstate="Runnable" seed="2090095846" result="Passed" start-time="2018-12-27 22:24:16Z" end-time="2018-12-27 22:24:16Z" duration="0.028563" asserts="1" />
            </test-suite>
          </test-suite>
        </test-suite>
      </test-suite>
    </test-suite>
  </test-suite>
</test-run>