<?xml version="1.0" encoding="utf-8" standalone="no"?>
<test-run id="2" testcasecount="29" result="Passed" total="29" passed="29" failed="0" inconclusive="0" skipped="0" asserts="29" engine-version="3.9.0.0" clr-version="4.0.30319.42000" start-time="2018-12-25 18:23:30Z" end-time="2018-12-25 18:23:41Z" duration="11.031182">
  <command-line><![CDATA[..\..\..\packages\NUnit.ConsoleRunner.3.9.0\tools\nunit3-console.exe  ProjMgrAPI.Tests.dll]]></command-line>
  <test-suite type="Assembly" id="0-1062" name="ProjMgrAPI.Tests.dll" fullname="ProjMgrAPI.Tests.dll" runstate="Runnable" testcasecount="29" result="Passed" start-time="2018-12-25 18:23:34Z" end-time="2018-12-25 18:23:41Z" duration="6.447699" total="29" passed="29" failed="0" warnings="0" inconclusive="0" skipped="0" asserts="29">
    <environment framework-version="3.11.0.0" clr-version="4.0.30319.42000" os-version="Microsoft Windows NT 10.0.17134.0" platform="Win32NT" cwd="C:\Users\Admin\Desktop\.NET projects\ProjMngrApp\ProjMgrSPA\ProjMgrAPI.Tests\bin\Debug" machine-name="DOTNET" user="Admin" user-domain="DOTNET" culture="en-IN" uiculture="en-US" os-architecture="x64" />
    <settings>
      <setting name="DisposeRunners" value="True" />
      <setting name="WorkDirectory" value="C:\Users\Admin\Desktop\.NET projects\ProjMngrApp\ProjMgrSPA\ProjMgrAPI.Tests\bin\Debug" />
      <setting name="ImageRuntimeVersion" value="4.0.30319" />
      <setting name="ImageTargetFrameworkName" value=".NETFramework,Version=v4.5.2" />
      <setting name="ImageRequiresX86" value="False" />
      <setting name="ImageRequiresDefaultAppDomainAssemblyResolver" value="False" />
      <setting name="NumberOfTestWorkers" value="3" />
    </settings>
    <properties>
      <property name="_PID" value="6780" />
      <property name="_APPDOMAIN" value="domain-" />
    </properties>
    <test-suite type="TestSuite" id="0-1063" name="ProjMgrAPI" fullname="ProjMgrAPI" runstate="Runnable" testcasecount="29" result="Passed" start-time="2018-12-25 18:23:34Z" end-time="2018-12-25 18:23:41Z" duration="6.423581" total="29" passed="29" failed="0" warnings="0" inconclusive="0" skipped="0" asserts="29">
      <test-suite type="TestSuite" id="0-1064" name="Tests" fullname="ProjMgrAPI.Tests" runstate="Runnable" testcasecount="29" result="Passed" start-time="2018-12-25 18:23:34Z" end-time="2018-12-25 18:23:41Z" duration="6.422090" total="29" passed="29" failed="0" warnings="0" inconclusive="0" skipped="0" asserts="29">
        <test-suite type="TestSuite" id="0-1065" name="Controllers" fullname="ProjMgrAPI.Tests.Controllers" runstate="Runnable" testcasecount="29" result="Passed" start-time="2018-12-25 18:23:34Z" end-time="2018-12-25 18:23:41Z" duration="6.422012" total="29" passed="29" failed="0" warnings="0" inconclusive="0" skipped="0" asserts="29">
          <test-suite type="TestFixture" id="0-1036" name="ConfigTest" fullname="ProjMgrAPI.Tests.Controllers.ConfigTest" classname="ProjMgrAPI.Tests.Controllers.ConfigTest" runstate="Runnable" testcasecount="4" result="Passed" start-time="2018-12-25 18:23:35Z" end-time="2018-12-25 18:23:35Z" duration="0.463364" total="4" passed="4" failed="0" warnings="0" inconclusive="0" skipped="0" asserts="4">
            <test-suite type="ParameterizedMethod" id="0-1038" name="BundleConfigTest" fullname="ProjMgrAPI.Tests.Controllers.ConfigTest.BundleConfigTest" classname="ProjMgrAPI.Tests.Controllers.ConfigTest" runstate="Runnable" testcasecount="1" result="Passed" start-time="2018-12-25 18:23:35Z" end-time="2018-12-25 18:23:35Z" duration="0.082842" total="1" passed="1" failed="0" warnings="0" inconclusive="0" skipped="0" asserts="1">
              <test-case id="0-1037" name="BundleConfigTest()" fullname="ProjMgrAPI.Tests.Controllers.ConfigTest.BundleConfigTest()" methodname="BundleConfigTest" classname="ProjMgrAPI.Tests.Controllers.ConfigTest" runstate="Runnable" seed="878582451" result="Passed" start-time="2018-12-25 18:23:35Z" end-time="2018-12-25 18:23:35Z" duration="0.064374" asserts="1" />
            </test-suite>
            <test-suite type="ParameterizedMethod" id="0-1040" name="FilterConfigTest" fullname="ProjMgrAPI.Tests.Controllers.ConfigTest.FilterConfigTest" classname="ProjMgrAPI.Tests.Controllers.ConfigTest" runstate="Runnable" testcasecount="1" result="Passed" start-time="2018-12-25 18:23:35Z" end-time="2018-12-25 18:23:35Z" duration="0.015075" total="1" passed="1" failed="0" warnings="0" inconclusive="0" skipped="0" asserts="1">
              <test-case id="0-1039" name="FilterConfigTest()" fullname="ProjMgrAPI.Tests.Controllers.ConfigTest.FilterConfigTest()" methodname="FilterConfigTest" classname="ProjMgrAPI.Tests.Controllers.ConfigTest" runstate="Runnable" seed="306720628" result="Passed" start-time="2018-12-25 18:23:35Z" end-time="2018-12-25 18:23:35Z" duration="0.014847" asserts="1" />
            </test-suite>
            <test-suite type="ParameterizedMethod" id="0-1042" name="RouteConfigTest" fullname="ProjMgrAPI.Tests.Controllers.ConfigTest.RouteConfigTest" classname="ProjMgrAPI.Tests.Controllers.ConfigTest" runstate="Runnable" testcasecount="1" result="Passed" start-time="2018-12-25 18:23:35Z" end-time="2018-12-25 18:23:35Z" duration="0.180496" total="1" passed="1" failed="0" warnings="0" inconclusive="0" skipped="0" asserts="1">
              <test-case id="0-1041" name="RouteConfigTest()" fullname="ProjMgrAPI.Tests.Controllers.ConfigTest.RouteConfigTest()" methodname="RouteConfigTest" classname="ProjMgrAPI.Tests.Controllers.ConfigTest" runstate="Runnable" seed="783714228" result="Passed" start-time="2018-12-25 18:23:35Z" end-time="2018-12-25 18:23:35Z" duration="0.180341" asserts="1" />
            </test-suite>
            <test-suite type="ParameterizedMethod" id="0-1044" name="WebApiConfigTest" fullname="ProjMgrAPI.Tests.Controllers.ConfigTest.WebApiConfigTest" classname="ProjMgrAPI.Tests.Controllers.ConfigTest" runstate="Runnable" testcasecount="1" result="Passed" start-time="2018-12-25 18:23:35Z" end-time="2018-12-25 18:23:35Z" duration="0.164589" total="1" passed="1" failed="0" warnings="0" inconclusive="0" skipped="0" asserts="1">
              <test-case id="0-1043" name="WebApiConfigTest()" fullname="ProjMgrAPI.Tests.Controllers.ConfigTest.WebApiConfigTest()" methodname="WebApiConfigTest" classname="ProjMgrAPI.Tests.Controllers.ConfigTest" runstate="Runnable" seed="1985174433" result="Passed" start-time="2018-12-25 18:23:35Z" end-time="2018-12-25 18:23:35Z" duration="0.164443" asserts="1" />
            </test-suite>
          </test-suite>
          <test-suite type="TestFixture" id="0-1000" name="ProjectControllerTest" fullname="ProjMgrAPI.Tests.Controllers.ProjectControllerTest" classname="ProjMgrAPI.Tests.Controllers.ProjectControllerTest" runstate="Runnable" testcasecount="8" result="Passed" start-time="2018-12-25 18:23:35Z" end-time="2018-12-25 18:23:40Z" duration="5.299392" total="8" passed="8" failed="0" warnings="0" inconclusive="0" skipped="0" asserts="8">
            <test-suite type="ParameterizedMethod" id="0-1002" name="AddProjectTestMethod" fullname="ProjMgrAPI.Tests.Controllers.ProjectControllerTest.AddProjectTestMethod" classname="ProjMgrAPI.Tests.Controllers.ProjectControllerTest" runstate="Runnable" testcasecount="1" result="Passed" start-time="2018-12-25 18:23:35Z" end-time="2018-12-25 18:23:39Z" duration="3.576416" total="1" passed="1" failed="0" warnings="0" inconclusive="0" skipped="0" asserts="1">
              <test-case id="0-1001" name="AddProjectTestMethod()" fullname="ProjMgrAPI.Tests.Controllers.ProjectControllerTest.AddProjectTestMethod()" methodname="AddProjectTestMethod" classname="ProjMgrAPI.Tests.Controllers.ProjectControllerTest" runstate="Runnable" seed="494004410" result="Passed" start-time="2018-12-25 18:23:35Z" end-time="2018-12-25 18:23:39Z" duration="3.575981" asserts="1" />
            </test-suite>
            <test-suite type="ParameterizedMethod" id="0-1004" name="AddProjectTestMethod1" fullname="ProjMgrAPI.Tests.Controllers.ProjectControllerTest.AddProjectTestMethod1" classname="ProjMgrAPI.Tests.Controllers.ProjectControllerTest" runstate="Runnable" testcasecount="1" result="Passed" start-time="2018-12-25 18:23:39Z" end-time="2018-12-25 18:23:39Z" duration="0.034103" total="1" passed="1" failed="0" warnings="0" inconclusive="0" skipped="0" asserts="1">
              <test-case id="0-1003" name="AddProjectTestMethod1()" fullname="ProjMgrAPI.Tests.Controllers.ProjectControllerTest.AddProjectTestMethod1()" methodname="AddProjectTestMethod1" classname="ProjMgrAPI.Tests.Controllers.ProjectControllerTest" runstate="Runnable" seed="331007212" result="Passed" start-time="2018-12-25 18:23:39Z" end-time="2018-12-25 18:23:39Z" duration="0.033995" asserts="1" />
            </test-suite>
            <test-suite type="ParameterizedMethod" id="0-1006" name="AddProjectTestMethod2" fullname="ProjMgrAPI.Tests.Controllers.ProjectControllerTest.AddProjectTestMethod2" classname="ProjMgrAPI.Tests.Controllers.ProjectControllerTest" runstate="Runnable" testcasecount="1" result="Passed" start-time="2018-12-25 18:23:39Z" end-time="2018-12-25 18:23:40Z" duration="1.327697" total="1" passed="1" failed="0" warnings="0" inconclusive="0" skipped="0" asserts="1">
              <test-case id="0-1005" name="AddProjectTestMethod2()" fullname="ProjMgrAPI.Tests.Controllers.ProjectControllerTest.AddProjectTestMethod2()" methodname="AddProjectTestMethod2" classname="ProjMgrAPI.Tests.Controllers.ProjectControllerTest" runstate="Runnable" seed="1756476033" result="Passed" start-time="2018-12-25 18:23:39Z" end-time="2018-12-25 18:23:40Z" duration="1.327578" asserts="1" />
            </test-suite>
            <test-suite type="ParameterizedMethod" id="0-1016" name="DeleteProjectTestMethod" fullname="ProjMgrAPI.Tests.Controllers.ProjectControllerTest.DeleteProjectTestMethod" classname="ProjMgrAPI.Tests.Controllers.ProjectControllerTest" runstate="Runnable" testcasecount="1" result="Passed" start-time="2018-12-25 18:23:40Z" end-time="2018-12-25 18:23:40Z" duration="0.052162" total="1" passed="1" failed="0" warnings="0" inconclusive="0" skipped="0" asserts="1">
              <test-case id="0-1015" name="DeleteProjectTestMethod()" fullname="ProjMgrAPI.Tests.Controllers.ProjectControllerTest.DeleteProjectTestMethod()" methodname="DeleteProjectTestMethod" classname="ProjMgrAPI.Tests.Controllers.ProjectControllerTest" runstate="Runnable" seed="897897085" result="Passed" start-time="2018-12-25 18:23:40Z" end-time="2018-12-25 18:23:40Z" duration="0.052045" asserts="1" />
            </test-suite>
            <test-suite type="ParameterizedMethod" id="0-1008" name="EditProjectTestMethod" fullname="ProjMgrAPI.Tests.Controllers.ProjectControllerTest.EditProjectTestMethod" classname="ProjMgrAPI.Tests.Controllers.ProjectControllerTest" runstate="Runnable" testcasecount="1" result="Passed" start-time="2018-12-25 18:23:40Z" end-time="2018-12-25 18:23:40Z" duration="0.059684" total="1" passed="1" failed="0" warnings="0" inconclusive="0" skipped="0" asserts="1">
              <test-case id="0-1007" name="EditProjectTestMethod()" fullname="ProjMgrAPI.Tests.Controllers.ProjectControllerTest.EditProjectTestMethod()" methodname="EditProjectTestMethod" classname="ProjMgrAPI.Tests.Controllers.ProjectControllerTest" runstate="Runnable" seed="436154101" result="Passed" start-time="2018-12-25 18:23:40Z" end-time="2018-12-25 18:23:40Z" duration="0.059566" asserts="1" />
            </test-suite>
            <test-suite type="ParameterizedMethod" id="0-1014" name="GetProjects2TestMethod" fullname="ProjMgrAPI.Tests.Controllers.ProjectControllerTest.GetProjects2TestMethod" classname="ProjMgrAPI.Tests.Controllers.ProjectControllerTest" runstate="Runnable" testcasecount="1" result="Passed" start-time="2018-12-25 18:23:40Z" end-time="2018-12-25 18:23:40Z" duration="0.223580" total="1" passed="1" failed="0" warnings="0" inconclusive="0" skipped="0" asserts="1">
              <test-case id="0-1013" name="GetProjects2TestMethod()" fullname="ProjMgrAPI.Tests.Controllers.ProjectControllerTest.GetProjects2TestMethod()" methodname="GetProjects2TestMethod" classname="ProjMgrAPI.Tests.Controllers.ProjectControllerTest" runstate="Runnable" seed="938112139" result="Passed" start-time="2018-12-25 18:23:40Z" end-time="2018-12-25 18:23:40Z" duration="0.223460" asserts="1" />
            </test-suite>
            <test-suite type="ParameterizedMethod" id="0-1012" name="GetProjectsTestMethod" fullname="ProjMgrAPI.Tests.Controllers.ProjectControllerTest.GetProjectsTestMethod" classname="ProjMgrAPI.Tests.Controllers.ProjectControllerTest" runstate="Runnable" testcasecount="1" result="Passed" start-time="2018-12-25 18:23:40Z" end-time="2018-12-25 18:23:40Z" duration="0.003439" total="1" passed="1" failed="0" warnings="0" inconclusive="0" skipped="0" asserts="1">
              <test-case id="0-1011" name="GetProjectsTestMethod()" fullname="ProjMgrAPI.Tests.Controllers.ProjectControllerTest.GetProjectsTestMethod()" methodname="GetProjectsTestMethod" classname="ProjMgrAPI.Tests.Controllers.ProjectControllerTest" runstate="Runnable" seed="711114972" result="Passed" start-time="2018-12-25 18:23:40Z" end-time="2018-12-25 18:23:40Z" duration="0.002956" asserts="1" />
            </test-suite>
            <test-suite type="ParameterizedMethod" id="0-1010" name="GetProjectTestMethod" fullname="ProjMgrAPI.Tests.Controllers.ProjectControllerTest.GetProjectTestMethod" classname="ProjMgrAPI.Tests.Controllers.ProjectControllerTest" runstate="Runnable" testcasecount="1" result="Passed" start-time="2018-12-25 18:23:40Z" end-time="2018-12-25 18:23:40Z" duration="0.021231" total="1" passed="1" failed="0" warnings="0" inconclusive="0" skipped="0" asserts="1">
              <test-case id="0-1009" name="GetProjectTestMethod()" fullname="ProjMgrAPI.Tests.Controllers.ProjectControllerTest.GetProjectTestMethod()" methodname="GetProjectTestMethod" classname="ProjMgrAPI.Tests.Controllers.ProjectControllerTest" runstate="Runnable" seed="1395225552" result="Passed" start-time="2018-12-25 18:23:40Z" end-time="2018-12-25 18:23:40Z" duration="0.021068" asserts="1" />
            </test-suite>
          </test-suite>
          <test-suite type="TestFixture" id="0-1017" name="TaskControllerTest" fullname="ProjMgrAPI.Tests.Controllers.TaskControllerTest" classname="ProjMgrAPI.Tests.Controllers.TaskControllerTest" runstate="Runnable" testcasecount="9" result="Passed" start-time="2018-12-25 18:23:40Z" end-time="2018-12-25 18:23:41Z" duration="0.342311" total="9" passed="9" failed="0" warnings="0" inconclusive="0" skipped="0" asserts="9">
            <test-suite type="ParameterizedMethod" id="0-1019" name="AddParentTaskTestMethod" fullname="ProjMgrAPI.Tests.Controllers.TaskControllerTest.AddParentTaskTestMethod" classname="ProjMgrAPI.Tests.Controllers.TaskControllerTest" runstate="Runnable" testcasecount="1" result="Passed" start-time="2018-12-25 18:23:40Z" end-time="2018-12-25 18:23:40Z" duration="0.025644" total="1" passed="1" failed="0" warnings="0" inconclusive="0" skipped="0" asserts="1">
              <test-case id="0-1018" name="AddParentTaskTestMethod()" fullname="ProjMgrAPI.Tests.Controllers.TaskControllerTest.AddParentTaskTestMethod()" methodname="AddParentTaskTestMethod" classname="ProjMgrAPI.Tests.Controllers.TaskControllerTest" runstate="Runnable" seed="349351746" result="Passed" start-time="2018-12-25 18:23:40Z" end-time="2018-12-25 18:23:40Z" duration="0.025528" asserts="1" />
            </test-suite>
            <test-suite type="ParameterizedMethod" id="0-1025" name="AddTaskTestMethod" fullname="ProjMgrAPI.Tests.Controllers.TaskControllerTest.AddTaskTestMethod" classname="ProjMgrAPI.Tests.Controllers.TaskControllerTest" runstate="Runnable" testcasecount="1" result="Passed" start-time="2018-12-25 18:23:40Z" end-time="2018-12-25 18:23:40Z" duration="0.106618" total="1" passed="1" failed="0" warnings="0" inconclusive="0" skipped="0" asserts="1">
              <test-case id="0-1024" name="AddTaskTestMethod()" fullname="ProjMgrAPI.Tests.Controllers.TaskControllerTest.AddTaskTestMethod()" methodname="AddTaskTestMethod" classname="ProjMgrAPI.Tests.Controllers.TaskControllerTest" runstate="Runnable" seed="1943448848" result="Passed" start-time="2018-12-25 18:23:40Z" end-time="2018-12-25 18:23:40Z" duration="0.106493" asserts="1" />
            </test-suite>
            <test-suite type="ParameterizedMethod" id="0-1023" name="AddTaskTestMethod1" fullname="ProjMgrAPI.Tests.Controllers.TaskControllerTest.AddTaskTestMethod1" classname="ProjMgrAPI.Tests.Controllers.TaskControllerTest" runstate="Runnable" testcasecount="1" result="Passed" start-time="2018-12-25 18:23:40Z" end-time="2018-12-25 18:23:40Z" duration="0.017691" total="1" passed="1" failed="0" warnings="0" inconclusive="0" skipped="0" asserts="1">
              <test-case id="0-1022" name="AddTaskTestMethod1()" fullname="ProjMgrAPI.Tests.Controllers.TaskControllerTest.AddTaskTestMethod1()" methodname="AddTaskTestMethod1" classname="ProjMgrAPI.Tests.Controllers.TaskControllerTest" runstate="Runnable" seed="1511885569" result="Passed" start-time="2018-12-25 18:23:40Z" end-time="2018-12-25 18:23:40Z" duration="0.017561" asserts="1" />
            </test-suite>
            <test-suite type="ParameterizedMethod" id="0-1021" name="AddTaskTestMethod2" fullname="ProjMgrAPI.Tests.Controllers.TaskControllerTest.AddTaskTestMethod2" classname="ProjMgrAPI.Tests.Controllers.TaskControllerTest" runstate="Runnable" testcasecount="1" result="Passed" start-time="2018-12-25 18:23:40Z" end-time="2018-12-25 18:23:40Z" duration="0.046931" total="1" passed="1" failed="0" warnings="0" inconclusive="0" skipped="0" asserts="1">
              <test-case id="0-1020" name="AddTaskTestMethod2()" fullname="ProjMgrAPI.Tests.Controllers.TaskControllerTest.AddTaskTestMethod2()" methodname="AddTaskTestMethod2" classname="ProjMgrAPI.Tests.Controllers.TaskControllerTest" runstate="Runnable" seed="1915722750" result="Passed" start-time="2018-12-25 18:23:40Z" end-time="2018-12-25 18:23:40Z" duration="0.046802" asserts="1" />
            </test-suite>
            <test-suite type="ParameterizedMethod" id="0-1035" name="DeleteTaskTestMethod" fullname="ProjMgrAPI.Tests.Controllers.TaskControllerTest.DeleteTaskTestMethod" classname="ProjMgrAPI.Tests.Controllers.TaskControllerTest" runstate="Runnable" testcasecount="1" result="Passed" start-time="2018-12-25 18:23:40Z" end-time="2018-12-25 18:23:41Z" duration="0.046562" total="1" passed="1" failed="0" warnings="0" inconclusive="0" skipped="0" asserts="1">
              <test-case id="0-1034" name="DeleteTaskTestMethod()" fullname="ProjMgrAPI.Tests.Controllers.TaskControllerTest.DeleteTaskTestMethod()" methodname="DeleteTaskTestMethod" classname="ProjMgrAPI.Tests.Controllers.TaskControllerTest" runstate="Runnable" seed="556478936" result="Passed" start-time="2018-12-25 18:23:40Z" end-time="2018-12-25 18:23:41Z" duration="0.046436" asserts="1" />
            </test-suite>
            <test-suite type="ParameterizedMethod" id="0-1027" name="EditTaskTestMethod" fullname="ProjMgrAPI.Tests.Controllers.TaskControllerTest.EditTaskTestMethod" classname="ProjMgrAPI.Tests.Controllers.TaskControllerTest" runstate="Runnable" testcasecount="1" result="Passed" start-time="2018-12-25 18:23:41Z" end-time="2018-12-25 18:23:41Z" duration="0.047055" total="1" passed="1" failed="0" warnings="0" inconclusive="0" skipped="0" asserts="1">
              <test-case id="0-1026" name="EditTaskTestMethod()" fullname="ProjMgrAPI.Tests.Controllers.TaskControllerTest.EditTaskTestMethod()" methodname="EditTaskTestMethod" classname="ProjMgrAPI.Tests.Controllers.TaskControllerTest" runstate="Runnable" seed="1048240878" result="Passed" start-time="2018-12-25 18:23:41Z" end-time="2018-12-25 18:23:41Z" duration="0.046938" asserts="1" />
            </test-suite>
            <test-suite type="ParameterizedMethod" id="0-1033" name="GetParentTasksTestMethod" fullname="ProjMgrAPI.Tests.Controllers.TaskControllerTest.GetParentTasksTestMethod" classname="ProjMgrAPI.Tests.Controllers.TaskControllerTest" runstate="Runnable" testcasecount="1" result="Passed" start-time="2018-12-25 18:23:41Z" end-time="2018-12-25 18:23:41Z" duration="0.003341" total="1" passed="1" failed="0" warnings="0" inconclusive="0" skipped="0" asserts="1">
              <test-case id="0-1032" name="GetParentTasksTestMethod()" fullname="ProjMgrAPI.Tests.Controllers.TaskControllerTest.GetParentTasksTestMethod()" methodname="GetParentTasksTestMethod" classname="ProjMgrAPI.Tests.Controllers.TaskControllerTest" runstate="Runnable" seed="2014582534" result="Passed" start-time="2018-12-25 18:23:41Z" end-time="2018-12-25 18:23:41Z" duration="0.003233" asserts="1" />
            </test-suite>
            <test-suite type="ParameterizedMethod" id="0-1031" name="GetTasksTestMethod" fullname="ProjMgrAPI.Tests.Controllers.TaskControllerTest.GetTasksTestMethod" classname="ProjMgrAPI.Tests.Controllers.TaskControllerTest" runstate="Runnable" testcasecount="1" result="Passed" start-time="2018-12-25 18:23:41Z" end-time="2018-12-25 18:23:41Z" duration="0.003922" total="1" passed="1" failed="0" warnings="0" inconclusive="0" skipped="0" asserts="1">
              <test-case id="0-1030" name="GetTasksTestMethod()" fullname="ProjMgrAPI.Tests.Controllers.TaskControllerTest.GetTasksTestMethod()" methodname="GetTasksTestMethod" classname="ProjMgrAPI.Tests.Controllers.TaskControllerTest" runstate="Runnable" seed="152037615" result="Passed" start-time="2018-12-25 18:23:41Z" end-time="2018-12-25 18:23:41Z" duration="0.003828" asserts="1" />
            </test-suite>
            <test-suite type="ParameterizedMethod" id="0-1029" name="GetTaskTestMethod" fullname="ProjMgrAPI.Tests.Controllers.TaskControllerTest.GetTaskTestMethod" classname="ProjMgrAPI.Tests.Controllers.TaskControllerTest" runstate="Runnable" testcasecount="1" result="Passed" start-time="2018-12-25 18:23:41Z" end-time="2018-12-25 18:23:41Z" duration="0.043148" total="1" passed="1" failed="0" warnings="0" inconclusive="0" skipped="0" asserts="1">
              <test-case id="0-1028" name="GetTaskTestMethod()" fullname="ProjMgrAPI.Tests.Controllers.TaskControllerTest.GetTaskTestMethod()" methodname="GetTaskTestMethod" classname="ProjMgrAPI.Tests.Controllers.TaskControllerTest" runstate="Runnable" seed="1706899490" result="Passed" start-time="2018-12-25 18:23:41Z" end-time="2018-12-25 18:23:41Z" duration="0.042963" asserts="1" />
            </test-suite>
          </test-suite>
          <test-suite type="TestFixture" id="0-1045" name="UserControllerTest" fullname="ProjMgrAPI.Tests.Controllers.UserControllerTest" classname="ProjMgrAPI.Tests.Controllers.UserControllerTest" runstate="Runnable" testcasecount="8" result="Passed" start-time="2018-12-25 18:23:41Z" end-time="2018-12-25 18:23:41Z" duration="0.310026" total="8" passed="8" failed="0" warnings="0" inconclusive="0" skipped="0" asserts="8">
            <test-suite type="ParameterizedMethod" id="0-1049" name="AddUser2TestMethod" fullname="ProjMgrAPI.Tests.Controllers.UserControllerTest.AddUser2TestMethod" classname="ProjMgrAPI.Tests.Controllers.UserControllerTest" runstate="Runnable" testcasecount="1" result="Passed" start-time="2018-12-25 18:23:41Z" end-time="2018-12-25 18:23:41Z" duration="0.090135" total="1" passed="1" failed="0" warnings="0" inconclusive="0" skipped="0" asserts="1">
              <test-case id="0-1048" name="AddUser2TestMethod()" fullname="ProjMgrAPI.Tests.Controllers.UserControllerTest.AddUser2TestMethod()" methodname="AddUser2TestMethod" classname="ProjMgrAPI.Tests.Controllers.UserControllerTest" runstate="Runnable" seed="241397720" result="Passed" start-time="2018-12-25 18:23:41Z" end-time="2018-12-25 18:23:41Z" duration="0.089893" asserts="1" />
            </test-suite>
            <test-suite type="ParameterizedMethod" id="0-1047" name="AddUserTestMethod" fullname="ProjMgrAPI.Tests.Controllers.UserControllerTest.AddUserTestMethod" classname="ProjMgrAPI.Tests.Controllers.UserControllerTest" runstate="Runnable" testcasecount="1" result="Passed" start-time="2018-12-25 18:23:41Z" end-time="2018-12-25 18:23:41Z" duration="0.015405" total="1" passed="1" failed="0" warnings="0" inconclusive="0" skipped="0" asserts="1">
              <test-case id="0-1046" name="AddUserTestMethod()" fullname="ProjMgrAPI.Tests.Controllers.UserControllerTest.AddUserTestMethod()" methodname="AddUserTestMethod" classname="ProjMgrAPI.Tests.Controllers.UserControllerTest" runstate="Runnable" seed="104408006" result="Passed" start-time="2018-12-25 18:23:41Z" end-time="2018-12-25 18:23:41Z" duration="0.015131" asserts="1" />
            </test-suite>
            <test-suite type="ParameterizedMethod" id="0-1061" name="DeleteUserTestMethod" fullname="ProjMgrAPI.Tests.Controllers.UserControllerTest.DeleteUserTestMethod" classname="ProjMgrAPI.Tests.Controllers.UserControllerTest" runstate="Runnable" testcasecount="1" result="Passed" start-time="2018-12-25 18:23:41Z" end-time="2018-12-25 18:23:41Z" duration="0.063891" total="1" passed="1" failed="0" warnings="0" inconclusive="0" skipped="0" asserts="1">
              <test-case id="0-1060" name="DeleteUserTestMethod()" fullname="ProjMgrAPI.Tests.Controllers.UserControllerTest.DeleteUserTestMethod()" methodname="DeleteUserTestMethod" classname="ProjMgrAPI.Tests.Controllers.UserControllerTest" runstate="Runnable" seed="45041108" result="Passed" start-time="2018-12-25 18:23:41Z" end-time="2018-12-25 18:23:41Z" duration="0.060248" asserts="1" />
            </test-suite>
            <test-suite type="ParameterizedMethod" id="0-1051" name="EditUserTestMethod" fullname="ProjMgrAPI.Tests.Controllers.UserControllerTest.EditUserTestMethod" classname="ProjMgrAPI.Tests.Controllers.UserControllerTest" runstate="Runnable" testcasecount="1" result="Passed" start-time="2018-12-25 18:23:41Z" end-time="2018-12-25 18:23:41Z" duration="0.027831" total="1" passed="1" failed="0" warnings="0" inconclusive="0" skipped="0" asserts="1">
              <test-case id="0-1050" name="EditUserTestMethod()" fullname="ProjMgrAPI.Tests.Controllers.UserControllerTest.EditUserTestMethod()" methodname="EditUserTestMethod" classname="ProjMgrAPI.Tests.Controllers.UserControllerTest" runstate="Runnable" seed="1749366564" result="Passed" start-time="2018-12-25 18:23:41Z" end-time="2018-12-25 18:23:41Z" duration="0.027579" asserts="1" />
            </test-suite>
            <test-suite type="ParameterizedMethod" id="0-1053" name="EditUserTestMethod2" fullname="ProjMgrAPI.Tests.Controllers.UserControllerTest.EditUserTestMethod2" classname="ProjMgrAPI.Tests.Controllers.UserControllerTest" runstate="Runnable" testcasecount="1" result="Passed" start-time="2018-12-25 18:23:41Z" end-time="2018-12-25 18:23:41Z" duration="0.031030" total="1" passed="1" failed="0" warnings="0" inconclusive="0" skipped="0" asserts="1">
              <test-case id="0-1052" name="EditUserTestMethod2()" fullname="ProjMgrAPI.Tests.Controllers.UserControllerTest.EditUserTestMethod2()" methodname="EditUserTestMethod2" classname="ProjMgrAPI.Tests.Controllers.UserControllerTest" runstate="Runnable" seed="675054028" result="Passed" start-time="2018-12-25 18:23:41Z" end-time="2018-12-25 18:23:41Z" duration="0.030800" asserts="1" />
            </test-suite>
            <test-suite type="ParameterizedMethod" id="0-1059" name="GetUsers2TestMethod" fullname="ProjMgrAPI.Tests.Controllers.UserControllerTest.GetUsers2TestMethod" classname="ProjMgrAPI.Tests.Controllers.UserControllerTest" runstate="Runnable" testcasecount="1" result="Passed" start-time="2018-12-25 18:23:41Z" end-time="2018-12-25 18:23:41Z" duration="0.033648" total="1" passed="1" failed="0" warnings="0" inconclusive="0" skipped="0" asserts="1">
              <test-case id="0-1058" name="GetUsers2TestMethod()" fullname="ProjMgrAPI.Tests.Controllers.UserControllerTest.GetUsers2TestMethod()" methodname="GetUsers2TestMethod" classname="ProjMgrAPI.Tests.Controllers.UserControllerTest" runstate="Runnable" seed="1578057178" result="Passed" start-time="2018-12-25 18:23:41Z" end-time="2018-12-25 18:23:41Z" duration="0.033414" asserts="1" />
            </test-suite>
            <test-suite type="ParameterizedMethod" id="0-1057" name="GetUsersTestMethod" fullname="ProjMgrAPI.Tests.Controllers.UserControllerTest.GetUsersTestMethod" classname="ProjMgrAPI.Tests.Controllers.UserControllerTest" runstate="Runnable" testcasecount="1" result="Passed" start-time="2018-12-25 18:23:41Z" end-time="2018-12-25 18:23:41Z" duration="0.007554" total="1" passed="1" failed="0" warnings="0" inconclusive="0" skipped="0" asserts="1">
              <test-case id="0-1056" name="GetUsersTestMethod()" fullname="ProjMgrAPI.Tests.Controllers.UserControllerTest.GetUsersTestMethod()" methodname="GetUsersTestMethod" classname="ProjMgrAPI.Tests.Controllers.UserControllerTest" runstate="Runnable" seed="932933782" result="Passed" start-time="2018-12-25 18:23:41Z" end-time="2018-12-25 18:23:41Z" duration="0.007272" asserts="1" />
            </test-suite>
            <test-suite type="ParameterizedMethod" id="0-1055" name="GetUserTestMethod" fullname="ProjMgrAPI.Tests.Controllers.UserControllerTest.GetUserTestMethod" classname="ProjMgrAPI.Tests.Controllers.UserControllerTest" runstate="Runnable" testcasecount="1" result="Passed" start-time="2018-12-25 18:23:41Z" end-time="2018-12-25 18:23:41Z" duration="0.037615" total="1" passed="1" failed="0" warnings="0" inconclusive="0" skipped="0" asserts="1">
              <test-case id="0-1054" name="GetUserTestMethod()" fullname="ProjMgrAPI.Tests.Controllers.UserControllerTest.GetUserTestMethod()" methodname="GetUserTestMethod" classname="ProjMgrAPI.Tests.Controllers.UserControllerTest" runstate="Runnable" seed="554775025" result="Passed" start-time="2018-12-25 18:23:41Z" end-time="2018-12-25 18:23:41Z" duration="0.037400" asserts="1" />
            </test-suite>
          </test-suite>
        </test-suite>
      </test-suite>
    </test-suite>
  </test-suite>
</test-run>