<?xml version="1.0" encoding="utf-8" standalone="no"?>
<test-run id="2" testcasecount="30" result="Passed" total="30" passed="30" failed="0" inconclusive="0" skipped="0" asserts="30" engine-version="3.9.0.0" clr-version="4.0.30319.42000" start-time="2018-12-27 17:49:32Z" end-time="2018-12-27 17:50:19Z" duration="47.032487">
  <command-line><![CDATA[..\..\..\packages\NUnit.ConsoleRunner.3.9.0\tools\nunit3-console.exe  ProjMgrAPI.Tests.dll]]></command-line>
  <test-suite type="Assembly" id="0-1064" name="ProjMgrAPI.Tests.dll" fullname="ProjMgrAPI.Tests.dll" runstate="Runnable" testcasecount="30" result="Passed" start-time="2018-12-27 17:49:40Z" end-time="2018-12-27 17:50:19Z" duration="38.845415" total="30" passed="30" failed="0" warnings="0" inconclusive="0" skipped="0" asserts="30">
    <environment framework-version="3.11.0.0" clr-version="4.0.30319.42000" os-version="Microsoft Windows NT 10.0.17134.0" platform="Win32NT" cwd="C:\Users\Admin\Desktop\.NET projects\ProjMngrApp\ProjMgrSPA\ProjMgrAPI.Tests\bin\Debug" machine-name="DOTNET" user="Admin" user-domain="DOTNET" culture="en-IN" uiculture="en-US" os-architecture="x64" />
    <settings>
      <setting name="DisposeRunners" value="True" />
      <setting name="WorkDirectory" value="C:\Users\Admin\Desktop\.NET projects\ProjMngrApp\ProjMgrSPA\ProjMgrAPI.Tests\bin\Debug" />
      <setting name="ImageRuntimeVersion" value="4.0.30319" />
      <setting name="ImageTargetFrameworkName" value=".NETFramework,Version=v4.5.2" />
      <setting name="ImageRequiresX86" value="False" />
      <setting name="ImageRequiresDefaultAppDomainAssemblyResolver" value="False" />
      <setting name="NumberOfTestWorkers" value="3" />
    </settings>
    <properties>
      <property name="_PID" value="19616" />
      <property name="_APPDOMAIN" value="domain-" />
    </properties>
    <test-suite type="TestSuite" id="0-1065" name="ProjMgrAPI" fullname="ProjMgrAPI" runstate="Runnable" testcasecount="30" result="Passed" start-time="2018-12-27 17:49:40Z" end-time="2018-12-27 17:50:19Z" duration="38.784840" total="30" passed="30" failed="0" warnings="0" inconclusive="0" skipped="0" asserts="30">
      <test-suite type="TestSuite" id="0-1066" name="Tests" fullname="ProjMgrAPI.Tests" runstate="Runnable" testcasecount="30" result="Passed" start-time="2018-12-27 17:49:40Z" end-time="2018-12-27 17:50:19Z" duration="38.782392" total="30" passed="30" failed="0" warnings="0" inconclusive="0" skipped="0" asserts="30">
        <test-suite type="TestSuite" id="0-1067" name="Controllers" fullname="ProjMgrAPI.Tests.Controllers" runstate="Runnable" testcasecount="30" result="Passed" start-time="2018-12-27 17:49:40Z" end-time="2018-12-27 17:50:19Z" duration="38.782309" total="30" passed="30" failed="0" warnings="0" inconclusive="0" skipped="0" asserts="30">
          <test-suite type="TestFixture" id="0-1038" name="ConfigTest" fullname="ProjMgrAPI.Tests.Controllers.ConfigTest" classname="ProjMgrAPI.Tests.Controllers.ConfigTest" runstate="Runnable" testcasecount="4" result="Passed" start-time="2018-12-27 17:49:40Z" end-time="2018-12-27 17:49:42Z" duration="1.384356" total="4" passed="4" failed="0" warnings="0" inconclusive="0" skipped="0" asserts="4">
            <test-suite type="ParameterizedMethod" id="0-1040" name="BundleConfigTest" fullname="ProjMgrAPI.Tests.Controllers.ConfigTest.BundleConfigTest" classname="ProjMgrAPI.Tests.Controllers.ConfigTest" runstate="Runnable" testcasecount="1" result="Passed" start-time="2018-12-27 17:49:41Z" end-time="2018-12-27 17:49:41Z" duration="0.349960" total="1" passed="1" failed="0" warnings="0" inconclusive="0" skipped="0" asserts="1">
              <test-case id="0-1039" name="BundleConfigTest()" fullname="ProjMgrAPI.Tests.Controllers.ConfigTest.BundleConfigTest()" methodname="BundleConfigTest" classname="ProjMgrAPI.Tests.Controllers.ConfigTest" runstate="Runnable" seed="1563503529" result="Passed" start-time="2018-12-27 17:49:41Z" end-time="2018-12-27 17:49:41Z" duration="0.294611" asserts="1" />
            </test-suite>
            <test-suite type="ParameterizedMethod" id="0-1042" name="FilterConfigTest" fullname="ProjMgrAPI.Tests.Controllers.ConfigTest.FilterConfigTest" classname="ProjMgrAPI.Tests.Controllers.ConfigTest" runstate="Runnable" testcasecount="1" result="Passed" start-time="2018-12-27 17:49:41Z" end-time="2018-12-27 17:49:41Z" duration="0.044973" total="1" passed="1" failed="0" warnings="0" inconclusive="0" skipped="0" asserts="1">
              <test-case id="0-1041" name="FilterConfigTest()" fullname="ProjMgrAPI.Tests.Controllers.ConfigTest.FilterConfigTest()" methodname="FilterConfigTest" classname="ProjMgrAPI.Tests.Controllers.ConfigTest" runstate="Runnable" seed="1927080061" result="Passed" start-time="2018-12-27 17:49:41Z" end-time="2018-12-27 17:49:41Z" duration="0.044099" asserts="1" />
            </test-suite>
            <test-suite type="ParameterizedMethod" id="0-1044" name="RouteConfigTest" fullname="ProjMgrAPI.Tests.Controllers.ConfigTest.RouteConfigTest" classname="ProjMgrAPI.Tests.Controllers.ConfigTest" runstate="Runnable" testcasecount="1" result="Passed" start-time="2018-12-27 17:49:41Z" end-time="2018-12-27 17:49:41Z" duration="0.511446" total="1" passed="1" failed="0" warnings="0" inconclusive="0" skipped="0" asserts="1">
              <test-case id="0-1043" name="RouteConfigTest()" fullname="ProjMgrAPI.Tests.Controllers.ConfigTest.RouteConfigTest()" methodname="RouteConfigTest" classname="ProjMgrAPI.Tests.Controllers.ConfigTest" runstate="Runnable" seed="1655433297" result="Passed" start-time="2018-12-27 17:49:41Z" end-time="2018-12-27 17:49:41Z" duration="0.511148" asserts="1" />
            </test-suite>
            <test-suite type="ParameterizedMethod" id="0-1046" name="WebApiConfigTest" fullname="ProjMgrAPI.Tests.Controllers.ConfigTest.WebApiConfigTest" classname="ProjMgrAPI.Tests.Controllers.ConfigTest" runstate="Runnable" testcasecount="1" result="Passed" start-time="2018-12-27 17:49:41Z" end-time="2018-12-27 17:49:42Z" duration="0.417962" total="1" passed="1" failed="0" warnings="0" inconclusive="0" skipped="0" asserts="1">
              <test-case id="0-1045" name="WebApiConfigTest()" fullname="ProjMgrAPI.Tests.Controllers.ConfigTest.WebApiConfigTest()" methodname="WebApiConfigTest" classname="ProjMgrAPI.Tests.Controllers.ConfigTest" runstate="Runnable" seed="730857438" result="Passed" start-time="2018-12-27 17:49:41Z" end-time="2018-12-27 17:49:42Z" duration="0.416991" asserts="1" />
            </test-suite>
          </test-suite>
          <test-suite type="TestFixture" id="0-1000" name="ProjectControllerTest" fullname="ProjMgrAPI.Tests.Controllers.ProjectControllerTest" classname="ProjMgrAPI.Tests.Controllers.ProjectControllerTest" runstate="Runnable" testcasecount="8" result="Passed" start-time="2018-12-27 17:49:42Z" end-time="2018-12-27 17:49:58Z" duration="16.152004" total="8" passed="8" failed="0" warnings="0" inconclusive="0" skipped="0" asserts="8">
            <test-suite type="ParameterizedMethod" id="0-1002" name="AddProjectTestMethod" fullname="ProjMgrAPI.Tests.Controllers.ProjectControllerTest.AddProjectTestMethod" classname="ProjMgrAPI.Tests.Controllers.ProjectControllerTest" runstate="Runnable" testcasecount="1" result="Passed" start-time="2018-12-27 17:49:42Z" end-time="2018-12-27 17:49:52Z" duration="10.115075" total="1" passed="1" failed="0" warnings="0" inconclusive="0" skipped="0" asserts="1">
              <properties>
                <property name="Order" value="1" />
              </properties>
              <test-case id="0-1001" name="AddProjectTestMethod()" fullname="ProjMgrAPI.Tests.Controllers.ProjectControllerTest.AddProjectTestMethod()" methodname="AddProjectTestMethod" classname="ProjMgrAPI.Tests.Controllers.ProjectControllerTest" runstate="Runnable" seed="1136400256" result="Passed" start-time="2018-12-27 17:49:42Z" end-time="2018-12-27 17:49:52Z" duration="10.114686" asserts="1" />
            </test-suite>
            <test-suite type="ParameterizedMethod" id="0-1004" name="AddProjectTestMethod1" fullname="ProjMgrAPI.Tests.Controllers.ProjectControllerTest.AddProjectTestMethod1" classname="ProjMgrAPI.Tests.Controllers.ProjectControllerTest" runstate="Runnable" testcasecount="1" result="Passed" start-time="2018-12-27 17:49:52Z" end-time="2018-12-27 17:49:52Z" duration="0.081368" total="1" passed="1" failed="0" warnings="0" inconclusive="0" skipped="0" asserts="1">
              <properties>
                <property name="Order" value="2" />
              </properties>
              <test-case id="0-1003" name="AddProjectTestMethod1()" fullname="ProjMgrAPI.Tests.Controllers.ProjectControllerTest.AddProjectTestMethod1()" methodname="AddProjectTestMethod1" classname="ProjMgrAPI.Tests.Controllers.ProjectControllerTest" runstate="Runnable" seed="1501706945" result="Passed" start-time="2018-12-27 17:49:52Z" end-time="2018-12-27 17:49:52Z" duration="0.080936" asserts="1" />
            </test-suite>
            <test-suite type="ParameterizedMethod" id="0-1006" name="AddProjectTestMethod2" fullname="ProjMgrAPI.Tests.Controllers.ProjectControllerTest.AddProjectTestMethod2" classname="ProjMgrAPI.Tests.Controllers.ProjectControllerTest" runstate="Runnable" testcasecount="1" result="Passed" start-time="2018-12-27 17:49:52Z" end-time="2018-12-27 17:49:56Z" duration="4.357976" total="1" passed="1" failed="0" warnings="0" inconclusive="0" skipped="0" asserts="1">
              <properties>
                <property name="Order" value="3" />
              </properties>
              <test-case id="0-1005" name="AddProjectTestMethod2()" fullname="ProjMgrAPI.Tests.Controllers.ProjectControllerTest.AddProjectTestMethod2()" methodname="AddProjectTestMethod2" classname="ProjMgrAPI.Tests.Controllers.ProjectControllerTest" runstate="Runnable" seed="727241439" result="Passed" start-time="2018-12-27 17:49:52Z" end-time="2018-12-27 17:49:56Z" duration="4.356872" asserts="1" />
            </test-suite>
            <test-suite type="ParameterizedMethod" id="0-1008" name="EditProjectTestMethod" fullname="ProjMgrAPI.Tests.Controllers.ProjectControllerTest.EditProjectTestMethod" classname="ProjMgrAPI.Tests.Controllers.ProjectControllerTest" runstate="Runnable" testcasecount="1" result="Passed" start-time="2018-12-27 17:49:56Z" end-time="2018-12-27 17:49:57Z" duration="0.093033" total="1" passed="1" failed="0" warnings="0" inconclusive="0" skipped="0" asserts="1">
              <properties>
                <property name="Order" value="4" />
              </properties>
              <test-case id="0-1007" name="EditProjectTestMethod()" fullname="ProjMgrAPI.Tests.Controllers.ProjectControllerTest.EditProjectTestMethod()" methodname="EditProjectTestMethod" classname="ProjMgrAPI.Tests.Controllers.ProjectControllerTest" runstate="Runnable" seed="1161702322" result="Passed" start-time="2018-12-27 17:49:56Z" end-time="2018-12-27 17:49:57Z" duration="0.092627" asserts="1" />
            </test-suite>
            <test-suite type="ParameterizedMethod" id="0-1010" name="GetProjectTestMethod" fullname="ProjMgrAPI.Tests.Controllers.ProjectControllerTest.GetProjectTestMethod" classname="ProjMgrAPI.Tests.Controllers.ProjectControllerTest" runstate="Runnable" testcasecount="1" result="Passed" start-time="2018-12-27 17:49:57Z" end-time="2018-12-27 17:49:57Z" duration="0.041513" total="1" passed="1" failed="0" warnings="0" inconclusive="0" skipped="0" asserts="1">
              <properties>
                <property name="Order" value="5" />
              </properties>
              <test-case id="0-1009" name="GetProjectTestMethod()" fullname="ProjMgrAPI.Tests.Controllers.ProjectControllerTest.GetProjectTestMethod()" methodname="GetProjectTestMethod" classname="ProjMgrAPI.Tests.Controllers.ProjectControllerTest" runstate="Runnable" seed="471605640" result="Passed" start-time="2018-12-27 17:49:57Z" end-time="2018-12-27 17:49:57Z" duration="0.040902" asserts="1" />
            </test-suite>
            <test-suite type="ParameterizedMethod" id="0-1012" name="GetProjectsTestMethod" fullname="ProjMgrAPI.Tests.Controllers.ProjectControllerTest.GetProjectsTestMethod" classname="ProjMgrAPI.Tests.Controllers.ProjectControllerTest" runstate="Runnable" testcasecount="1" result="Passed" start-time="2018-12-27 17:49:57Z" end-time="2018-12-27 17:49:57Z" duration="0.660484" total="1" passed="1" failed="0" warnings="0" inconclusive="0" skipped="0" asserts="1">
              <properties>
                <property name="Order" value="6" />
              </properties>
              <test-case id="0-1011" name="GetProjectsTestMethod()" fullname="ProjMgrAPI.Tests.Controllers.ProjectControllerTest.GetProjectsTestMethod()" methodname="GetProjectsTestMethod" classname="ProjMgrAPI.Tests.Controllers.ProjectControllerTest" runstate="Runnable" seed="276453457" result="Passed" start-time="2018-12-27 17:49:57Z" end-time="2018-12-27 17:49:57Z" duration="0.659794" asserts="1" />
            </test-suite>
            <test-suite type="ParameterizedMethod" id="0-1014" name="GetProjects2TestMethod" fullname="ProjMgrAPI.Tests.Controllers.ProjectControllerTest.GetProjects2TestMethod" classname="ProjMgrAPI.Tests.Controllers.ProjectControllerTest" runstate="Runnable" testcasecount="1" result="Passed" start-time="2018-12-27 17:49:57Z" end-time="2018-12-27 17:49:58Z" duration="0.717932" total="1" passed="1" failed="0" warnings="0" inconclusive="0" skipped="0" asserts="1">
              <properties>
                <property name="Order" value="7" />
              </properties>
              <test-case id="0-1013" name="GetProjects2TestMethod()" fullname="ProjMgrAPI.Tests.Controllers.ProjectControllerTest.GetProjects2TestMethod()" methodname="GetProjects2TestMethod" classname="ProjMgrAPI.Tests.Controllers.ProjectControllerTest" runstate="Runnable" seed="197264450" result="Passed" start-time="2018-12-27 17:49:57Z" end-time="2018-12-27 17:49:58Z" duration="0.717709" asserts="1" />
            </test-suite>
            <test-suite type="ParameterizedMethod" id="0-1016" name="DeleteProjectTestMethod" fullname="ProjMgrAPI.Tests.Controllers.ProjectControllerTest.DeleteProjectTestMethod" classname="ProjMgrAPI.Tests.Controllers.ProjectControllerTest" runstate="Runnable" testcasecount="1" result="Passed" start-time="2018-12-27 17:49:58Z" end-time="2018-12-27 17:49:58Z" duration="0.080092" total="1" passed="1" failed="0" warnings="0" inconclusive="0" skipped="0" asserts="1">
              <properties>
                <property name="Order" value="8" />
              </properties>
              <test-case id="0-1015" name="DeleteProjectTestMethod()" fullname="ProjMgrAPI.Tests.Controllers.ProjectControllerTest.DeleteProjectTestMethod()" methodname="DeleteProjectTestMethod" classname="ProjMgrAPI.Tests.Controllers.ProjectControllerTest" runstate="Runnable" seed="1376363207" result="Passed" start-time="2018-12-27 17:49:58Z" end-time="2018-12-27 17:49:58Z" duration="0.079865" asserts="1" />
            </test-suite>
          </test-suite>
          <test-suite type="TestFixture" id="0-1017" name="TaskControllerTest" fullname="ProjMgrAPI.Tests.Controllers.TaskControllerTest" classname="ProjMgrAPI.Tests.Controllers.TaskControllerTest" runstate="Runnable" testcasecount="10" result="Passed" start-time="2018-12-27 17:49:58Z" end-time="2018-12-27 17:50:18Z" duration="20.200723" total="10" passed="10" failed="0" warnings="0" inconclusive="0" skipped="0" asserts="10">
            <test-suite type="ParameterizedMethod" id="0-1019" name="AddParentTaskTestMethod" fullname="ProjMgrAPI.Tests.Controllers.TaskControllerTest.AddParentTaskTestMethod" classname="ProjMgrAPI.Tests.Controllers.TaskControllerTest" runstate="Runnable" testcasecount="1" result="Passed" start-time="2018-12-27 17:49:58Z" end-time="2018-12-27 17:49:58Z" duration="0.030762" total="1" passed="1" failed="0" warnings="0" inconclusive="0" skipped="0" asserts="1">
              <properties>
                <property name="Order" value="1" />
              </properties>
              <test-case id="0-1018" name="AddParentTaskTestMethod()" fullname="ProjMgrAPI.Tests.Controllers.TaskControllerTest.AddParentTaskTestMethod()" methodname="AddParentTaskTestMethod" classname="ProjMgrAPI.Tests.Controllers.TaskControllerTest" runstate="Runnable" seed="1243645832" result="Passed" start-time="2018-12-27 17:49:58Z" end-time="2018-12-27 17:49:58Z" duration="0.030574" asserts="1" />
            </test-suite>
            <test-suite type="ParameterizedMethod" id="0-1021" name="AddTaskTestMethod2" fullname="ProjMgrAPI.Tests.Controllers.TaskControllerTest.AddTaskTestMethod2" classname="ProjMgrAPI.Tests.Controllers.TaskControllerTest" runstate="Runnable" testcasecount="1" result="Passed" start-time="2018-12-27 17:49:58Z" end-time="2018-12-27 17:50:08Z" duration="9.830931" total="1" passed="1" failed="0" warnings="0" inconclusive="0" skipped="0" asserts="1">
              <properties>
                <property name="Order" value="2" />
              </properties>
              <test-case id="0-1020" name="AddTaskTestMethod2()" fullname="ProjMgrAPI.Tests.Controllers.TaskControllerTest.AddTaskTestMethod2()" methodname="AddTaskTestMethod2" classname="ProjMgrAPI.Tests.Controllers.TaskControllerTest" runstate="Runnable" seed="688880990" result="Passed" start-time="2018-12-27 17:49:58Z" end-time="2018-12-27 17:50:08Z" duration="9.829045" asserts="1" />
            </test-suite>
            <test-suite type="ParameterizedMethod" id="0-1023" name="AddTaskTestMethod1" fullname="ProjMgrAPI.Tests.Controllers.TaskControllerTest.AddTaskTestMethod1" classname="ProjMgrAPI.Tests.Controllers.TaskControllerTest" runstate="Runnable" testcasecount="1" result="Passed" start-time="2018-12-27 17:50:08Z" end-time="2018-12-27 17:50:08Z" duration="0.028017" total="1" passed="1" failed="0" warnings="0" inconclusive="0" skipped="0" asserts="1">
              <properties>
                <property name="Order" value="3" />
              </properties>
              <test-case id="0-1022" name="AddTaskTestMethod1()" fullname="ProjMgrAPI.Tests.Controllers.TaskControllerTest.AddTaskTestMethod1()" methodname="AddTaskTestMethod1" classname="ProjMgrAPI.Tests.Controllers.TaskControllerTest" runstate="Runnable" seed="143865994" result="Passed" start-time="2018-12-27 17:50:08Z" end-time="2018-12-27 17:50:08Z" duration="0.027644" asserts="1" />
            </test-suite>
            <test-suite type="ParameterizedMethod" id="0-1025" name="AddTaskTestMethod" fullname="ProjMgrAPI.Tests.Controllers.TaskControllerTest.AddTaskTestMethod" classname="ProjMgrAPI.Tests.Controllers.TaskControllerTest" runstate="Runnable" testcasecount="1" result="Passed" start-time="2018-12-27 17:50:08Z" end-time="2018-12-27 17:50:17Z" duration="9.243206" total="1" passed="1" failed="0" warnings="0" inconclusive="0" skipped="0" asserts="1">
              <properties>
                <property name="Order" value="4" />
              </properties>
              <test-case id="0-1024" name="AddTaskTestMethod()" fullname="ProjMgrAPI.Tests.Controllers.TaskControllerTest.AddTaskTestMethod()" methodname="AddTaskTestMethod" classname="ProjMgrAPI.Tests.Controllers.TaskControllerTest" runstate="Runnable" seed="1685718566" result="Passed" start-time="2018-12-27 17:50:08Z" end-time="2018-12-27 17:50:17Z" duration="9.242879" asserts="1" />
            </test-suite>
            <test-suite type="ParameterizedMethod" id="0-1027" name="EditTaskTestMethod" fullname="ProjMgrAPI.Tests.Controllers.TaskControllerTest.EditTaskTestMethod" classname="ProjMgrAPI.Tests.Controllers.TaskControllerTest" runstate="Runnable" testcasecount="1" result="Passed" start-time="2018-12-27 17:50:17Z" end-time="2018-12-27 17:50:18Z" duration="0.438927" total="1" passed="1" failed="0" warnings="0" inconclusive="0" skipped="0" asserts="1">
              <properties>
                <property name="Order" value="5" />
              </properties>
              <test-case id="0-1026" name="EditTaskTestMethod()" fullname="ProjMgrAPI.Tests.Controllers.TaskControllerTest.EditTaskTestMethod()" methodname="EditTaskTestMethod" classname="ProjMgrAPI.Tests.Controllers.TaskControllerTest" runstate="Runnable" seed="90317442" result="Passed" start-time="2018-12-27 17:50:17Z" end-time="2018-12-27 17:50:18Z" duration="0.438709" asserts="1" />
            </test-suite>
            <test-suite type="ParameterizedMethod" id="0-1029" name="GetTaskTestMethod" fullname="ProjMgrAPI.Tests.Controllers.TaskControllerTest.GetTaskTestMethod" classname="ProjMgrAPI.Tests.Controllers.TaskControllerTest" runstate="Runnable" testcasecount="1" result="Passed" start-time="2018-12-27 17:50:18Z" end-time="2018-12-27 17:50:18Z" duration="0.006978" total="1" passed="1" failed="0" warnings="0" inconclusive="0" skipped="0" asserts="1">
              <properties>
                <property name="Order" value="6" />
              </properties>
              <test-case id="0-1028" name="GetTaskTestMethod()" fullname="ProjMgrAPI.Tests.Controllers.TaskControllerTest.GetTaskTestMethod()" methodname="GetTaskTestMethod" classname="ProjMgrAPI.Tests.Controllers.TaskControllerTest" runstate="Runnable" seed="198589237" result="Passed" start-time="2018-12-27 17:50:18Z" end-time="2018-12-27 17:50:18Z" duration="0.006651" asserts="1" />
            </test-suite>
            <test-suite type="ParameterizedMethod" id="0-1035" name="GetParentTasksTestMethod" fullname="ProjMgrAPI.Tests.Controllers.TaskControllerTest.GetParentTasksTestMethod" classname="ProjMgrAPI.Tests.Controllers.TaskControllerTest" runstate="Runnable" testcasecount="1" result="Passed" start-time="2018-12-27 17:50:18Z" end-time="2018-12-27 17:50:18Z" duration="0.008036" total="1" passed="1" failed="0" warnings="0" inconclusive="0" skipped="0" asserts="1">
              <properties>
                <property name="Order" value="7" />
              </properties>
              <test-case id="0-1034" name="GetParentTasksTestMethod()" fullname="ProjMgrAPI.Tests.Controllers.TaskControllerTest.GetParentTasksTestMethod()" methodname="GetParentTasksTestMethod" classname="ProjMgrAPI.Tests.Controllers.TaskControllerTest" runstate="Runnable" seed="780494712" result="Passed" start-time="2018-12-27 17:50:18Z" end-time="2018-12-27 17:50:18Z" duration="0.005158" asserts="1" />
            </test-suite>
            <test-suite type="ParameterizedMethod" id="0-1037" name="DeleteTaskTestMethod" fullname="ProjMgrAPI.Tests.Controllers.TaskControllerTest.DeleteTaskTestMethod" classname="ProjMgrAPI.Tests.Controllers.TaskControllerTest" runstate="Runnable" testcasecount="1" result="Passed" start-time="2018-12-27 17:50:18Z" end-time="2018-12-27 17:50:18Z" duration="0.105560" total="1" passed="1" failed="0" warnings="0" inconclusive="0" skipped="0" asserts="1">
              <properties>
                <property name="Order" value="8" />
              </properties>
              <test-case id="0-1036" name="DeleteTaskTestMethod()" fullname="ProjMgrAPI.Tests.Controllers.TaskControllerTest.DeleteTaskTestMethod()" methodname="DeleteTaskTestMethod" classname="ProjMgrAPI.Tests.Controllers.TaskControllerTest" runstate="Runnable" seed="1146782161" result="Passed" start-time="2018-12-27 17:50:18Z" end-time="2018-12-27 17:50:18Z" duration="0.105320" asserts="1" />
            </test-suite>
            <test-suite type="ParameterizedMethod" id="0-1033" name="GetTasksTestMethod2" fullname="ProjMgrAPI.Tests.Controllers.TaskControllerTest.GetTasksTestMethod2" classname="ProjMgrAPI.Tests.Controllers.TaskControllerTest" runstate="Runnable" testcasecount="1" result="Passed" start-time="2018-12-27 17:50:18Z" end-time="2018-12-27 17:50:18Z" duration="0.080223" total="1" passed="1" failed="0" warnings="0" inconclusive="0" skipped="0" asserts="1">
              <properties>
                <property name="Order" value="9" />
              </properties>
              <test-case id="0-1032" name="GetTasksTestMethod2()" fullname="ProjMgrAPI.Tests.Controllers.TaskControllerTest.GetTasksTestMethod2()" methodname="GetTasksTestMethod2" classname="ProjMgrAPI.Tests.Controllers.TaskControllerTest" runstate="Runnable" seed="1980666869" result="Passed" start-time="2018-12-27 17:50:18Z" end-time="2018-12-27 17:50:18Z" duration="0.079913" asserts="1" />
            </test-suite>
            <test-suite type="ParameterizedMethod" id="0-1031" name="GetTasksTestMethod" fullname="ProjMgrAPI.Tests.Controllers.TaskControllerTest.GetTasksTestMethod" classname="ProjMgrAPI.Tests.Controllers.TaskControllerTest" runstate="Runnable" testcasecount="1" result="Passed" start-time="2018-12-27 17:50:18Z" end-time="2018-12-27 17:50:18Z" duration="0.422925" total="1" passed="1" failed="0" warnings="0" inconclusive="0" skipped="0" asserts="1">
              <properties>
                <property name="Order" value="10" />
              </properties>
              <test-case id="0-1030" name="GetTasksTestMethod()" fullname="ProjMgrAPI.Tests.Controllers.TaskControllerTest.GetTasksTestMethod()" methodname="GetTasksTestMethod" classname="ProjMgrAPI.Tests.Controllers.TaskControllerTest" runstate="Runnable" seed="498767743" result="Passed" start-time="2018-12-27 17:50:18Z" end-time="2018-12-27 17:50:18Z" duration="0.420724" asserts="1" />
            </test-suite>
          </test-suite>
          <test-suite type="TestFixture" id="0-1047" name="UserControllerTest" fullname="ProjMgrAPI.Tests.Controllers.UserControllerTest" classname="ProjMgrAPI.Tests.Controllers.UserControllerTest" runstate="Runnable" testcasecount="8" result="Passed" start-time="2018-12-27 17:50:18Z" end-time="2018-12-27 17:50:19Z" duration="1.026894" total="8" passed="8" failed="0" warnings="0" inconclusive="0" skipped="0" asserts="8">
            <test-suite type="ParameterizedMethod" id="0-1049" name="AddUserTestMethod" fullname="ProjMgrAPI.Tests.Controllers.UserControllerTest.AddUserTestMethod" classname="ProjMgrAPI.Tests.Controllers.UserControllerTest" runstate="Runnable" testcasecount="1" result="Passed" start-time="2018-12-27 17:50:18Z" end-time="2018-12-27 17:50:18Z" duration="0.026184" total="1" passed="1" failed="0" warnings="0" inconclusive="0" skipped="0" asserts="1">
              <properties>
                <property name="Order" value="1" />
              </properties>
              <test-case id="0-1048" name="AddUserTestMethod()" fullname="ProjMgrAPI.Tests.Controllers.UserControllerTest.AddUserTestMethod()" methodname="AddUserTestMethod" classname="ProjMgrAPI.Tests.Controllers.UserControllerTest" runstate="Runnable" seed="328127587" result="Passed" start-time="2018-12-27 17:50:18Z" end-time="2018-12-27 17:50:18Z" duration="0.025955" asserts="1" />
            </test-suite>
            <test-suite type="ParameterizedMethod" id="0-1051" name="AddUser2TestMethod" fullname="ProjMgrAPI.Tests.Controllers.UserControllerTest.AddUser2TestMethod" classname="ProjMgrAPI.Tests.Controllers.UserControllerTest" runstate="Runnable" testcasecount="1" result="Passed" start-time="2018-12-27 17:50:18Z" end-time="2018-12-27 17:50:18Z" duration="0.010324" total="1" passed="1" failed="0" warnings="0" inconclusive="0" skipped="0" asserts="1">
              <properties>
                <property name="Order" value="2" />
              </properties>
              <test-case id="0-1050" name="AddUser2TestMethod()" fullname="ProjMgrAPI.Tests.Controllers.UserControllerTest.AddUser2TestMethod()" methodname="AddUser2TestMethod" classname="ProjMgrAPI.Tests.Controllers.UserControllerTest" runstate="Runnable" seed="72591698" result="Passed" start-time="2018-12-27 17:50:18Z" end-time="2018-12-27 17:50:18Z" duration="0.009971" asserts="1" />
            </test-suite>
            <test-suite type="ParameterizedMethod" id="0-1053" name="EditUserTestMethod" fullname="ProjMgrAPI.Tests.Controllers.UserControllerTest.EditUserTestMethod" classname="ProjMgrAPI.Tests.Controllers.UserControllerTest" runstate="Runnable" testcasecount="1" result="Passed" start-time="2018-12-27 17:50:18Z" end-time="2018-12-27 17:50:18Z" duration="0.047687" total="1" passed="1" failed="0" warnings="0" inconclusive="0" skipped="0" asserts="1">
              <properties>
                <property name="Order" value="3" />
              </properties>
              <test-case id="0-1052" name="EditUserTestMethod()" fullname="ProjMgrAPI.Tests.Controllers.UserControllerTest.EditUserTestMethod()" methodname="EditUserTestMethod" classname="ProjMgrAPI.Tests.Controllers.UserControllerTest" runstate="Runnable" seed="1029262715" result="Passed" start-time="2018-12-27 17:50:18Z" end-time="2018-12-27 17:50:18Z" duration="0.047461" asserts="1" />
            </test-suite>
            <test-suite type="ParameterizedMethod" id="0-1055" name="EditUserTestMethod2" fullname="ProjMgrAPI.Tests.Controllers.UserControllerTest.EditUserTestMethod2" classname="ProjMgrAPI.Tests.Controllers.UserControllerTest" runstate="Runnable" testcasecount="1" result="Passed" start-time="2018-12-27 17:50:18Z" end-time="2018-12-27 17:50:19Z" duration="0.571196" total="1" passed="1" failed="0" warnings="0" inconclusive="0" skipped="0" asserts="1">
              <properties>
                <property name="Order" value="4" />
              </properties>
              <test-case id="0-1054" name="EditUserTestMethod2()" fullname="ProjMgrAPI.Tests.Controllers.UserControllerTest.EditUserTestMethod2()" methodname="EditUserTestMethod2" classname="ProjMgrAPI.Tests.Controllers.UserControllerTest" runstate="Runnable" seed="1815125873" result="Passed" start-time="2018-12-27 17:50:18Z" end-time="2018-12-27 17:50:19Z" duration="0.570271" asserts="1" />
            </test-suite>
            <test-suite type="ParameterizedMethod" id="0-1057" name="GetUserTestMethod" fullname="ProjMgrAPI.Tests.Controllers.UserControllerTest.GetUserTestMethod" classname="ProjMgrAPI.Tests.Controllers.UserControllerTest" runstate="Runnable" testcasecount="1" result="Passed" start-time="2018-12-27 17:50:19Z" end-time="2018-12-27 17:50:19Z" duration="0.222629" total="1" passed="1" failed="0" warnings="0" inconclusive="0" skipped="0" asserts="1">
              <properties>
                <property name="Order" value="5" />
              </properties>
              <test-case id="0-1056" name="GetUserTestMethod()" fullname="ProjMgrAPI.Tests.Controllers.UserControllerTest.GetUserTestMethod()" methodname="GetUserTestMethod" classname="ProjMgrAPI.Tests.Controllers.UserControllerTest" runstate="Runnable" seed="1701453418" result="Passed" start-time="2018-12-27 17:50:19Z" end-time="2018-12-27 17:50:19Z" duration="0.222374" asserts="1" />
            </test-suite>
            <test-suite type="ParameterizedMethod" id="0-1059" name="GetUsersTestMethod" fullname="ProjMgrAPI.Tests.Controllers.UserControllerTest.GetUsersTestMethod" classname="ProjMgrAPI.Tests.Controllers.UserControllerTest" runstate="Runnable" testcasecount="1" result="Passed" start-time="2018-12-27 17:50:19Z" end-time="2018-12-27 17:50:19Z" duration="0.021540" total="1" passed="1" failed="0" warnings="0" inconclusive="0" skipped="0" asserts="1">
              <properties>
                <property name="Order" value="6" />
              </properties>
              <test-case id="0-1058" name="GetUsersTestMethod()" fullname="ProjMgrAPI.Tests.Controllers.UserControllerTest.GetUsersTestMethod()" methodname="GetUsersTestMethod" classname="ProjMgrAPI.Tests.Controllers.UserControllerTest" runstate="Runnable" seed="1157583248" result="Passed" start-time="2018-12-27 17:50:19Z" end-time="2018-12-27 17:50:19Z" duration="0.021327" asserts="1" />
            </test-suite>
            <test-suite type="ParameterizedMethod" id="0-1061" name="GetUsers2TestMethod" fullname="ProjMgrAPI.Tests.Controllers.UserControllerTest.GetUsers2TestMethod" classname="ProjMgrAPI.Tests.Controllers.UserControllerTest" runstate="Runnable" testcasecount="1" result="Passed" start-time="2018-12-27 17:50:19Z" end-time="2018-12-27 17:50:19Z" duration="0.098226" total="1" passed="1" failed="0" warnings="0" inconclusive="0" skipped="0" asserts="1">
              <properties>
                <property name="Order" value="7" />
              </properties>
              <test-case id="0-1060" name="GetUsers2TestMethod()" fullname="ProjMgrAPI.Tests.Controllers.UserControllerTest.GetUsers2TestMethod()" methodname="GetUsers2TestMethod" classname="ProjMgrAPI.Tests.Controllers.UserControllerTest" runstate="Runnable" seed="1714856569" result="Passed" start-time="2018-12-27 17:50:19Z" end-time="2018-12-27 17:50:19Z" duration="0.097993" asserts="1" />
            </test-suite>
            <test-suite type="ParameterizedMethod" id="0-1063" name="DeleteUserTestMethod" fullname="ProjMgrAPI.Tests.Controllers.UserControllerTest.DeleteUserTestMethod" classname="ProjMgrAPI.Tests.Controllers.UserControllerTest" runstate="Runnable" testcasecount="1" result="Passed" start-time="2018-12-27 17:50:19Z" end-time="2018-12-27 17:50:19Z" duration="0.026935" total="1" passed="1" failed="0" warnings="0" inconclusive="0" skipped="0" asserts="1">
              <properties>
                <property name="Order" value="8" />
              </properties>
              <test-case id="0-1062" name="DeleteUserTestMethod()" fullname="ProjMgrAPI.Tests.Controllers.UserControllerTest.DeleteUserTestMethod()" methodname="DeleteUserTestMethod" classname="ProjMgrAPI.Tests.Controllers.UserControllerTest" runstate="Runnable" seed="1520383278" result="Passed" start-time="2018-12-27 17:50:19Z" end-time="2018-12-27 17:50:19Z" duration="0.026661" asserts="1" />
            </test-suite>
          </test-suite>
        </test-suite>
      </test-suite>
    </test-suite>
  </test-suite>
</test-run>